
Attaching package: 'dplyr'

The following objects are masked from 'package:stats':

    filter, lag

The following objects are masked from 'package:base':

    intersect, setdiff, setequal, union

Loading required package: Rcpp
Loading 'brms' package (version 2.16.1). Useful instructions
can be found by typing help('brms'). A more detailed introduction
to the package is available through vignette('brms_overview').

Attaching package: 'brms'

The following object is masked from 'package:stats':

    ar


Attaching package: 'tidybayes'

The following objects are masked from 'package:brms':

    dstudent_t, pstudent_t, qstudent_t, rstudent_t

* Option 'clustermq.scheduler' not set, defaulting to 'SLURM'
--- see: https://mschubert.github.io/clustermq/articles/userguide.html#configuration
> target bbs_rtrg_55_25
> target bbs_rtrg_5_76
> target bbs_rtrg_31_17
> target bbs_rtrg_155_14
> target bbs_rtrg_54_25
> target bbs_rtrg_224_3
> target bbs_rtrg_28_4
> target bbs_rtrg_34_56
> target bbs_rtrg_28_6
> target bbs_rtrg_26_56
> target bbs_rtrg_1_17
> target bbs_rtrg_28_7
Warning: target bbs_rtrg_55_25 warnings:
  strings not representable in native encoding will be translated to UTF-8
> target bbs_rtrg_116_18
Warning: target bbs_rtrg_5_76 warnings:
  strings not representable in native encoding will be translated to UTF-8
> target bbs_rtrg_9_4
Warning: target bbs_rtrg_31_17 warnings:
  strings not representable in native encoding will be translated to UTF-8
> target bbs_rtrg_40_4
Warning: target bbs_rtrg_155_14 warnings:
  strings not representable in native encoding will be translated to UTF-8
> target bbs_rtrg_57_25
Warning: target bbs_rtrg_54_25 warnings:
  strings not representable in native encoding will be translated to UTF-8
> target bbs_rtrg_53_25
Warning: target bbs_rtrg_224_3 warnings:
  strings not representable in native encoding will be translated to UTF-8
> target bbs_rtrg_41_56
Warning: target bbs_rtrg_28_4 warnings:
  strings not representable in native encoding will be translated to UTF-8
> target bbs_rtrg_1_27
Warning: target bbs_rtrg_34_56 warnings:
  strings not representable in native encoding will be translated to UTF-8
> target bbs_rtrg_57_27
Warning: target bbs_rtrg_28_6 warnings:
  strings not representable in native encoding will be translated to UTF-8
> target bbs_rtrg_41_17
Warning: target bbs_rtrg_26_56 warnings:
  strings not representable in native encoding will be translated to UTF-8
> target bbs_rtrg_53_27
Warning: target bbs_rtrg_1_17 warnings:
  strings not representable in native encoding will be translated to UTF-8
> target bbs_rtrg_26_68
Warning: target bbs_rtrg_28_7 warnings:
  strings not representable in native encoding will be translated to UTF-8
> target bbs_rtrg_3_80
Warning: target bbs_rtrg_116_18 warnings:
  strings not representable in native encoding will be translated to UTF-8
> target bbs_rtrg_79_14
Warning: target bbs_rtrg_9_4 warnings:
  strings not representable in native encoding will be translated to UTF-8
> target bbs_rtrg_29_4
Warning: target bbs_rtrg_40_4 warnings:
  strings not representable in native encoding will be translated to UTF-8
> target bbs_rtrg_29_65
Warning: target bbs_rtrg_57_25 warnings:
  strings not representable in native encoding will be translated to UTF-8
> target bbs_rtrg_33_27
Warning: target bbs_rtrg_53_25 warnings:
  strings not representable in native encoding will be translated to UTF-8
> target bbs_rtrg_122_6
Warning: target bbs_rtrg_41_56 warnings:
  strings not representable in native encoding will be translated to UTF-8
> target bbs_rtrg_13_7
Warning: target bbs_rtrg_1_27 warnings:
  strings not representable in native encoding will be translated to UTF-8
> target bbs_rtrg_3_14
Warning: target bbs_rtrg_57_27 warnings:
  strings not representable in native encoding will be translated to UTF-8
> target bbs_rtrg_78_14
Warning: target bbs_rtrg_41_17 warnings:
  strings not representable in native encoding will be translated to UTF-8
> target bbs_rtrg_22_2
Warning: target bbs_rtrg_53_27 warnings:
  strings not representable in native encoding will be translated to UTF-8
> target bbs_rtrg_20_4
Warning: target bbs_rtrg_26_68 warnings:
  strings not representable in native encoding will be translated to UTF-8
> target bbs_rtrg_22_7
Warning: target bbs_rtrg_3_80 warnings:
  strings not representable in native encoding will be translated to UTF-8
> target bbs_rtrg_20_7
Warning: target bbs_rtrg_79_14 warnings:
  strings not representable in native encoding will be translated to UTF-8
> target bbs_rtrg_8_18
Warning: target bbs_rtrg_29_4 warnings:
  strings not representable in native encoding will be translated to UTF-8
> target bbs_rtrg_161_14
Warning: target bbs_rtrg_29_65 warnings:
  strings not representable in native encoding will be translated to UTF-8
> target bbs_rtrg_22_25
Warning: target bbs_rtrg_33_27 warnings:
  strings not representable in native encoding will be translated to UTF-8
> target bbs_rtrg_255_11
Warning: target bbs_rtrg_122_6 warnings:
  strings not representable in native encoding will be translated to UTF-8
> target bbs_rtrg_43_2
Warning: target bbs_rtrg_13_7 warnings:
  strings not representable in native encoding will be translated to UTF-8
> target bbs_rtrg_32_6
Warning: target bbs_rtrg_3_14 warnings:
  strings not representable in native encoding will be translated to UTF-8
> target bbs_rtrg_45_11
Warning: target bbs_rtrg_78_14 warnings:
  strings not representable in native encoding will be translated to UTF-8
> target bbs_rtrg_87_25
Warning: target bbs_rtrg_22_2 warnings:
  strings not representable in native encoding will be translated to UTF-8
> target bbs_rtrg_9_18
Warning: target bbs_rtrg_20_4 warnings:
  strings not representable in native encoding will be translated to UTF-8
> target bbs_rtrg_173_14
Warning: target bbs_rtrg_22_7 warnings:
  strings not representable in native encoding will be translated to UTF-8
> target bbs_rtrg_62_25
Warning: target bbs_rtrg_20_7 warnings:
  strings not representable in native encoding will be translated to UTF-8
> target bbs_rtrg_45_2
Warning: target bbs_rtrg_8_18 warnings:
  strings not representable in native encoding will be translated to UTF-8
> target bbs_rtrg_318_3
Warning: target bbs_rtrg_161_14 warnings:
  strings not representable in native encoding will be translated to UTF-8
> target bbs_rtrg_15_68
Warning: target bbs_rtrg_22_25 warnings:
  strings not representable in native encoding will be translated to UTF-8
> target bbs_rtrg_22_68
Warning: target bbs_rtrg_255_11 warnings:
  strings not representable in native encoding will be translated to UTF-8
> target bbs_rtrg_71_14
Warning: target bbs_rtrg_43_2 warnings:
  strings not representable in native encoding will be translated to UTF-8
> target bbs_rtrg_201_14
Warning: target bbs_rtrg_32_6 warnings:
  strings not representable in native encoding will be translated to UTF-8
> target bbs_rtrg_22_76
Warning: target bbs_rtrg_45_11 warnings:
  strings not representable in native encoding will be translated to UTF-8
> target bbs_rtrg_12_2
Warning: target bbs_rtrg_87_25 warnings:
  strings not representable in native encoding will be translated to UTF-8
> target bbs_rtrg_24_2
Warning: target bbs_rtrg_9_18 warnings:
  strings not representable in native encoding will be translated to UTF-8
> target bbs_rtrg_27_25
Warning: target bbs_rtrg_173_14 warnings:
  strings not representable in native encoding will be translated to UTF-8
> target bbs_rtrg_24_7
Warning: target bbs_rtrg_62_25 warnings:
  strings not representable in native encoding will be translated to UTF-8
> target bbs_rtrg_14_68
Warning: target bbs_rtrg_45_2 warnings:
  strings not representable in native encoding will be translated to UTF-8
> target bbs_rtrg_35_2
Warning: target bbs_rtrg_318_3 warnings:
  strings not representable in native encoding will be translated to UTF-8
> target bbs_rtrg_98_14
Warning: target bbs_rtrg_15_68 warnings:
  strings not representable in native encoding will be translated to UTF-8
> target bbs_rtrg_119_68
Warning: target bbs_rtrg_22_68 warnings:
  strings not representable in native encoding will be translated to UTF-8
> target bbs_rtrg_137_14
Warning: target bbs_rtrg_71_14 warnings:
  strings not representable in native encoding will be translated to UTF-8
> target bbs_rtrg_67_25
Warning: target bbs_rtrg_201_14 warnings:
  strings not representable in native encoding will be translated to UTF-8
> target bbs_rtrg_11_17
Warning: target bbs_rtrg_22_76 warnings:
  strings not representable in native encoding will be translated to UTF-8
> target bbs_rtrg_28_27
Warning: target bbs_rtrg_12_2 warnings:
  strings not representable in native encoding will be translated to UTF-8
> target bbs_rtrg_208_11
Warning: target bbs_rtrg_24_2 warnings:
  strings not representable in native encoding will be translated to UTF-8
> target bbs_rtrg_50_2
Warning: target bbs_rtrg_27_25 warnings:
  strings not representable in native encoding will be translated to UTF-8
> target bbs_rtrg_131_3
Warning: target bbs_rtrg_24_7 warnings:
  strings not representable in native encoding will be translated to UTF-8
> target bbs_rtrg_52_27
Warning: target bbs_rtrg_14_68 warnings:
  strings not representable in native encoding will be translated to UTF-8
> target bbs_rtrg_10_25
Warning: target bbs_rtrg_35_2 warnings:
  strings not representable in native encoding will be translated to UTF-8
> target bbs_rtrg_39_76
Warning: target bbs_rtrg_98_14 warnings:
  strings not representable in native encoding will be translated to UTF-8
> target bbs_rtrg_16_2
Warning: target bbs_rtrg_119_68 warnings:
  strings not representable in native encoding will be translated to UTF-8
> target bbs_rtrg_88_14
Warning: target bbs_rtrg_137_14 warnings:
  strings not representable in native encoding will be translated to UTF-8
> target bbs_rtrg_38_27
Warning: target bbs_rtrg_67_25 warnings:
  strings not representable in native encoding will be translated to UTF-8
> target bbs_rtrg_47_2
Warning: target bbs_rtrg_11_17 warnings:
  strings not representable in native encoding will be translated to UTF-8
> target bbs_rtrg_11_68
Warning: target bbs_rtrg_28_27 warnings:
  strings not representable in native encoding will be translated to UTF-8
> target bbs_rtrg_151_14
Warning: target bbs_rtrg_208_11 warnings:
  strings not representable in native encoding will be translated to UTF-8
> target bbs_rtrg_50_27
Warning: target bbs_rtrg_50_2 warnings:
  strings not representable in native encoding will be translated to UTF-8
> target bbs_rtrg_19_2
Warning: target bbs_rtrg_131_3 warnings:
  strings not representable in native encoding will be translated to UTF-8
> target bbs_rtrg_15_25
Warning: target bbs_rtrg_52_27 warnings:
  strings not representable in native encoding will be translated to UTF-8
> target bbs_rtrg_19_7
Warning: target bbs_rtrg_10_25 warnings:
  strings not representable in native encoding will be translated to UTF-8
> target bbs_rtrg_61_76
Warning: target bbs_rtrg_39_76 warnings:
  strings not representable in native encoding will be translated to UTF-8
> target bbs_rtrg_14_17
Warning: target bbs_rtrg_16_2 warnings:
  strings not representable in native encoding will be translated to UTF-8
> target bbs_rtrg_14_18
Warning: target bbs_rtrg_88_14 warnings:
  strings not representable in native encoding will be translated to UTF-8
> target bbs_rtrg_7_2
Warning: target bbs_rtrg_38_27 warnings:
  strings not representable in native encoding will be translated to UTF-8
> target bbs_rtrg_2_17
Warning: target bbs_rtrg_47_2 warnings:
  strings not representable in native encoding will be translated to UTF-8
> target bbs_rtrg_153_14
Warning: target bbs_rtrg_11_68 warnings:
  strings not representable in native encoding will be translated to UTF-8
> target bbs_rtrg_56_25
Warning: target bbs_rtrg_151_14 warnings:
  strings not representable in native encoding will be translated to UTF-8
> target bbs_rtrg_60_76
Warning: target bbs_rtrg_50_27 warnings:
  strings not representable in native encoding will be translated to UTF-8
> target bbs_rtrg_10_7
Warning: target bbs_rtrg_19_2 warnings:
  strings not representable in native encoding will be translated to UTF-8
> target bbs_rtrg_41_3
Warning: target bbs_rtrg_15_25 warnings:
  strings not representable in native encoding will be translated to UTF-8
> target bbs_rtrg_33_79
Warning: target bbs_rtrg_19_7 warnings:
  strings not representable in native encoding will be translated to UTF-8
> target bbs_rtrg_2_45
Warning: target bbs_rtrg_61_76 warnings:
  strings not representable in native encoding will be translated to UTF-8
> target bbs_rtrg_81_25
Warning: target bbs_rtrg_14_17 warnings:
  strings not representable in native encoding will be translated to UTF-8
> target bbs_rtrg_36_27
Warning: target bbs_rtrg_14_18 warnings:
  strings not representable in native encoding will be translated to UTF-8
> target bbs_rtrg_4_17
Warning: target bbs_rtrg_7_2 warnings:
  strings not representable in native encoding will be translated to UTF-8
> target bbs_rtrg_21_14
Warning: target bbs_rtrg_2_17 warnings:
  strings not representable in native encoding will be translated to UTF-8
> target bbs_rtrg_139_14
Warning: target bbs_rtrg_153_14 warnings:
  strings not representable in native encoding will be translated to UTF-8
> target bbs_rtrg_231_3
Warning: target bbs_rtrg_56_25 warnings:
  strings not representable in native encoding will be translated to UTF-8
> target bbs_rtrg_6_17
Warning: target bbs_rtrg_60_76 warnings:
  strings not representable in native encoding will be translated to UTF-8
> target bbs_rtrg_61_25
Warning: target bbs_rtrg_10_7 warnings:
  strings not representable in native encoding will be translated to UTF-8
> target bbs_rtrg_113_68
Warning: target bbs_rtrg_41_3 warnings:
  strings not representable in native encoding will be translated to UTF-8
> target bbs_rtrg_199_14
Warning: target bbs_rtrg_33_79 warnings:
  strings not representable in native encoding will be translated to UTF-8
> target bbs_rtrg_85_25
Warning: target bbs_rtrg_2_45 warnings:
  strings not representable in native encoding will be translated to UTF-8
> target bbs_rtrg_21_65
Warning: target bbs_rtrg_81_25 warnings:
  strings not representable in native encoding will be translated to UTF-8
> target bbs_rtrg_198_14
Warning: target bbs_rtrg_36_27 warnings:
  strings not representable in native encoding will be translated to UTF-8
> target bbs_rtrg_1_76
Warning: target bbs_rtrg_4_17 warnings:
  strings not representable in native encoding will be translated to UTF-8
> target bbs_rtrg_32_27
Warning: target bbs_rtrg_21_14 warnings:
  strings not representable in native encoding will be translated to UTF-8
> target bbs_rtrg_8_7
Warning: target bbs_rtrg_139_14 warnings:
  strings not representable in native encoding will be translated to UTF-8
> target bbs_rtrg_413_11
Warning: target bbs_rtrg_231_3 warnings:
  strings not representable in native encoding will be translated to UTF-8
> target bbs_rtrg_46_27
Warning: target bbs_rtrg_6_17 warnings:
  strings not representable in native encoding will be translated to UTF-8
> target bbs_rtrg_37_17
Warning: target bbs_rtrg_61_25 warnings:
  strings not representable in native encoding will be translated to UTF-8
> target bbs_rtrg_37_68
Warning: target bbs_rtrg_113_68 warnings:
  strings not representable in native encoding will be translated to UTF-8
> target bbs_rtrg_66_68
Warning: target bbs_rtrg_199_14 warnings:
  strings not representable in native encoding will be translated to UTF-8
> target bbs_rtrg_7_68
Warning: target bbs_rtrg_85_25 warnings:
  strings not representable in native encoding will be translated to UTF-8
> target bbs_rtrg_35_17
Warning: target bbs_rtrg_21_65 warnings:
  strings not representable in native encoding will be translated to UTF-8
> target bbs_rtrg_19_76
Warning: target bbs_rtrg_198_14 warnings:
  strings not representable in native encoding will be translated to UTF-8
> target bbs_rtrg_83_68
Warning: target bbs_rtrg_1_76 warnings:
  strings not representable in native encoding will be translated to UTF-8
> target bbs_rtrg_7_14
Warning: target bbs_rtrg_32_27 warnings:
  strings not representable in native encoding will be translated to UTF-8
> target bbs_rtrg_7_18
Warning: target bbs_rtrg_8_7 warnings:
  strings not representable in native encoding will be translated to UTF-8
> target bbs_rtrg_7_43
Warning: target bbs_rtrg_413_11 warnings:
  strings not representable in native encoding will be translated to UTF-8
> target bbs_rtrg_7_45
Warning: target bbs_rtrg_46_27 warnings:
  strings not representable in native encoding will be translated to UTF-8
> target bbs_rtrg_14_2
Warning: target bbs_rtrg_37_17 warnings:
  strings not representable in native encoding will be translated to UTF-8
> target bbs_rtrg_5_7
Warning: target bbs_rtrg_37_68 warnings:
  strings not representable in native encoding will be translated to UTF-8
> target bbs_rtrg_186_14
Warning: target bbs_rtrg_66_68 warnings:
  strings not representable in native encoding will be translated to UTF-8
> target coredat_bbs_rtrg_55_25
Warning: target bbs_rtrg_7_68 warnings:
  strings not representable in native encoding will be translated to UTF-8
> target coredat_bbs_rtrg_5_76
Warning: target bbs_rtrg_35_17 warnings:
  strings not representable in native encoding will be translated to UTF-8
> target coredat_bbs_rtrg_31_17
Warning: target bbs_rtrg_19_76 warnings:
  strings not representable in native encoding will be translated to UTF-8
> target coredat_bbs_rtrg_155_14
Warning: target bbs_rtrg_83_68 warnings:
  strings not representable in native encoding will be translated to UTF-8
> target coredat_bbs_rtrg_54_25
Warning: target bbs_rtrg_7_14 warnings:
  strings not representable in native encoding will be translated to UTF-8
> target coredat_bbs_rtrg_224_3
Warning: target bbs_rtrg_7_18 warnings:
  strings not representable in native encoding will be translated to UTF-8
> target coredat_bbs_rtrg_28_4
Warning: target bbs_rtrg_7_43 warnings:
  strings not representable in native encoding will be translated to UTF-8
> target coredat_bbs_rtrg_34_56
Warning: target bbs_rtrg_7_45 warnings:
  strings not representable in native encoding will be translated to UTF-8
> target coredat_bbs_rtrg_28_6
Warning: target bbs_rtrg_14_2 warnings:
  strings not representable in native encoding will be translated to UTF-8
> target coredat_bbs_rtrg_26_56
Warning: target bbs_rtrg_5_7 warnings:
  strings not representable in native encoding will be translated to UTF-8
> target coredat_bbs_rtrg_1_17
Warning: target bbs_rtrg_186_14 warnings:
  strings not representable in native encoding will be translated to UTF-8
> target coredat_bbs_rtrg_28_7
> target coredat_bbs_rtrg_116_18
> target coredat_bbs_rtrg_9_4
> target coredat_bbs_rtrg_40_4
> target coredat_bbs_rtrg_57_25
> target coredat_bbs_rtrg_53_25
> target coredat_bbs_rtrg_41_56
> target coredat_bbs_rtrg_1_27
> target coredat_bbs_rtrg_57_27
> target coredat_bbs_rtrg_41_17
> target coredat_bbs_rtrg_53_27
> target coredat_bbs_rtrg_26_68
> target coredat_bbs_rtrg_3_80
> target coredat_bbs_rtrg_79_14
> target coredat_bbs_rtrg_29_4
> target coredat_bbs_rtrg_29_65
> target coredat_bbs_rtrg_33_27
> target coredat_bbs_rtrg_122_6
> target coredat_bbs_rtrg_13_7
> target coredat_bbs_rtrg_3_14
> target coredat_bbs_rtrg_78_14
> target coredat_bbs_rtrg_22_2
> target coredat_bbs_rtrg_20_4
> target coredat_bbs_rtrg_22_7
> target coredat_bbs_rtrg_20_7
> target coredat_bbs_rtrg_8_18
> target coredat_bbs_rtrg_161_14
> target coredat_bbs_rtrg_22_25
> target coredat_bbs_rtrg_255_11
> target coredat_bbs_rtrg_43_2
> target coredat_bbs_rtrg_32_6
> target coredat_bbs_rtrg_45_11
> target coredat_bbs_rtrg_87_25
> target coredat_bbs_rtrg_9_18
> target coredat_bbs_rtrg_173_14
> target coredat_bbs_rtrg_62_25
> target coredat_bbs_rtrg_45_2
> target coredat_bbs_rtrg_318_3
> target coredat_bbs_rtrg_15_68
> target coredat_bbs_rtrg_22_68
> target coredat_bbs_rtrg_71_14
> target coredat_bbs_rtrg_201_14
> target coredat_bbs_rtrg_22_76
> target coredat_bbs_rtrg_12_2
> target coredat_bbs_rtrg_24_2
> target coredat_bbs_rtrg_27_25
> target coredat_bbs_rtrg_24_7
> target coredat_bbs_rtrg_14_68
> target coredat_bbs_rtrg_35_2
> target coredat_bbs_rtrg_98_14
> target coredat_bbs_rtrg_119_68
> target coredat_bbs_rtrg_137_14
> target coredat_bbs_rtrg_67_25
> target coredat_bbs_rtrg_11_17
> target coredat_bbs_rtrg_28_27
> target coredat_bbs_rtrg_208_11
> target coredat_bbs_rtrg_50_2
> target coredat_bbs_rtrg_131_3
> target coredat_bbs_rtrg_52_27
> target coredat_bbs_rtrg_10_25
> target coredat_bbs_rtrg_39_76
> target coredat_bbs_rtrg_16_2
> target coredat_bbs_rtrg_88_14
> target coredat_bbs_rtrg_38_27
> target coredat_bbs_rtrg_47_2
> target coredat_bbs_rtrg_11_68
> target coredat_bbs_rtrg_151_14
> target coredat_bbs_rtrg_50_27
> target coredat_bbs_rtrg_19_2
> target coredat_bbs_rtrg_15_25
> target coredat_bbs_rtrg_19_7
> target coredat_bbs_rtrg_61_76
> target coredat_bbs_rtrg_14_17
> target coredat_bbs_rtrg_14_18
> target coredat_bbs_rtrg_7_2
> target coredat_bbs_rtrg_2_17
> target coredat_bbs_rtrg_153_14
> target coredat_bbs_rtrg_56_25
> target coredat_bbs_rtrg_60_76
> target coredat_bbs_rtrg_10_7
> target coredat_bbs_rtrg_41_3
> target coredat_bbs_rtrg_33_79
> target coredat_bbs_rtrg_2_45
> target coredat_bbs_rtrg_81_25
> target coredat_bbs_rtrg_36_27
> target coredat_bbs_rtrg_4_17
> target coredat_bbs_rtrg_21_14
> target coredat_bbs_rtrg_139_14
> target coredat_bbs_rtrg_231_3
> target coredat_bbs_rtrg_6_17
> target coredat_bbs_rtrg_61_25
> target coredat_bbs_rtrg_113_68
> target coredat_bbs_rtrg_199_14
> target coredat_bbs_rtrg_85_25
> target coredat_bbs_rtrg_21_65
> target coredat_bbs_rtrg_198_14
> target coredat_bbs_rtrg_1_76
> target coredat_bbs_rtrg_32_27
> target coredat_bbs_rtrg_8_7
> target coredat_bbs_rtrg_413_11
> target coredat_bbs_rtrg_46_27
> target coredat_bbs_rtrg_37_17
> target coredat_bbs_rtrg_37_68
> target coredat_bbs_rtrg_66_68
> target coredat_bbs_rtrg_7_68
> target coredat_bbs_rtrg_35_17
> target coredat_bbs_rtrg_19_76
> target coredat_bbs_rtrg_83_68
> target coredat_bbs_rtrg_7_14
> target coredat_bbs_rtrg_7_18
> target coredat_bbs_rtrg_7_43
> target coredat_bbs_rtrg_7_45
> target coredat_bbs_rtrg_14_2
> target coredat_bbs_rtrg_5_7
> target coredat_bbs_rtrg_186_14
> target ssims_coredat_bbs_rtrg_55_25_actual
> target ssims_coredat_bbs_rtrg_5_76_actual
> target ssims_coredat_bbs_rtrg_31_17_actual
> target ssims_coredat_bbs_rtrg_155_14_actual
> target ssims_coredat_bbs_rtrg_54_25_actual
> target ssims_coredat_bbs_rtrg_224_3_actual
> target ssims_coredat_bbs_rtrg_28_4_actual
> target ssims_coredat_bbs_rtrg_34_56_actual
> target ssims_coredat_bbs_rtrg_28_6_actual
> target ssims_coredat_bbs_rtrg_26_56_actual
> target ssims_coredat_bbs_rtrg_1_17_actual
> target ssims_coredat_bbs_rtrg_28_7_actual
i target ssims_coredat_bbs_rtrg_28_6_actual messages:
  Joining, by = "id"
 Joining, by = "id"
 Joining, by = "id"
 Joining, by = "id"
 Joining, by = "id"
 Joining, by = "id"
 Joining, by = "id"
 Joining, by = "id"
 Joining, by = "id"
 Joining, by = "id"
 Joining, by = "id"
 Joining, by = "id"
 Joining, by = "id"
 Joining, by = "id"
 Joining, by = "id"
 Joining, by = "id"
 Joining, by = "id"
 Joining, by = "id"
 Joining, by = "id"
 Joining, by = "id"
 Joining, by = "id"
 Joining, by = "id"
 Joining, by = "id"
 Joining, by = "id"
 Joining, by = "id"
 Joining, by = "id"
 Joining, by = "id"
 Joining, by = "id"
 Joining, by = "id"
 ...
x fail ssims_coredat_bbs_rtrg_28_6_actual
Error: target ssims_coredat_bbs_rtrg_28_6_actual failed.
diagnose(ssims_coredat_bbs_rtrg_28_6_actual)$error$message:
  Problem with `mutate()` column `isd_seed`.
i `isd_seed = isd_seed`.
i `isd_seed` must be size 1, not 0.
diagnose(ssims_coredat_bbs_rtrg_28_6_actual)$error$calls:
  rwar::ssims_wrapper(coredat_bbs_rtrg_28_6, "actual", n_isd_draws = 5, 
    ndraws = 5)
  rwar::make_actual_sims(dat, initial_isd_seed_gmm = initial_isd_seed_gmm, 
    n_isd_draws = n_isd_draws, ndraws = ndraws, initial_draw_seed = initial_draw_seed)
  rwar::draw_communities_wrapper(dat, sampling_gmms = dat_gmms, 
    ndraws = ndraws, initial_draw_seed = initial_draw_seed)
  rwar::draw_communities(ts_comp = ts_comp, begin_years = begin_years, 
    end_years = end_years, sampling_gmms = sampling_gmms, draw_seed = draw_seeds[i])
  BBSsize::simulate_isd_ts(ts_comp)
  BBSsize::simulate_isd(abundances = thisyear_abunds, sd_dat = sd_dat, 
    use_th_pars = use_th_pars, isd_seed = initial_isd_seed + 
        i)
  ab
Warning in config$workers$finalize() :
  Unclean shutdown for PIDs: 20256, 20259, 20260, 20264, 20270, 20271, 20274, 20277, 20280, 20283, 20287, 20290
Timing stopped at: 60.46 2.437 70.7
Execution halted
