[1] ".Rprofile loaded"
[1] "Completed OK"
[1] "starting e short"
[1] "2021-10-09 16:39:06 EDT"

SAMPLING FOR MODEL '8bf0f6f8cf090dba13a3a28b4235c811' NOW (CHAIN 3).
Chain 3: 
Chain 3: Gradient evaluation took 0.019777 seconds
Chain 3: 1000 transitions using 10 leapfrog steps per transition would take 197.77 seconds.
Chain 3: Adjust your expectations accordingly!
Chain 3: 
Chain 3: 

SAMPLING FOR MODEL '8bf0f6f8cf090dba13a3a28b4235c811' NOW (CHAIN 1).

SAMPLING FOR MODEL '8bf0f6f8cf090dba13a3a28b4235c811' NOW (CHAIN 2).
Chain 1: 
Chain 1: Gradient evaluation took 0.035834 seconds
Chain 1: 1000 transitions using 10 leapfrog steps per transition would take 358.34 seconds.
Chain 1: Adjust your expectations accordingly!
Chain 1: 
Chain 1: 

SAMPLING FOR MODEL '8bf0f6f8cf090dba13a3a28b4235c811' NOW (CHAIN 4).
Chain 2: 
Chain 2: Gradient evaluation took 0.03413 seconds
Chain 2: 1000 transitions using 10 leapfrog steps per transition would take 341.3 seconds.
Chain 2: Adjust your expectations accordingly!
Chain 2: 
Chain 2: 
Chain 4: 
Chain 4: Gradient evaluation took 0.052011 seconds
Chain 4: 1000 transitions using 10 leapfrog steps per transition would take 520.11 seconds.
Chain 4: Adjust your expectations accordingly!
Chain 4: 
Chain 4: 
Chain 3: Iteration:    1 / 2000 [  0%]  (Warmup)
Chain 2: Iteration:    1 / 2000 [  0%]  (Warmup)
Chain 4: Iteration:    1 / 2000 [  0%]  (Warmup)
Chain 1: Iteration:    1 / 2000 [  0%]  (Warmup)
Chain 3: Iteration:  200 / 2000 [ 10%]  (Warmup)
Chain 2: Iteration:  200 / 2000 [ 10%]  (Warmup)
Chain 3: Iteration:  400 / 2000 [ 20%]  (Warmup)
Chain 4: Iteration:  200 / 2000 [ 10%]  (Warmup)
Chain 3: Iteration:  600 / 2000 [ 30%]  (Warmup)
Chain 1: Iteration:  200 / 2000 [ 10%]  (Warmup)
Chain 3: Iteration:  800 / 2000 [ 40%]  (Warmup)
Chain 3: Iteration: 1000 / 2000 [ 50%]  (Warmup)
Chain 3: Iteration: 1001 / 2000 [ 50%]  (Sampling)
Chain 3: Iteration: 1200 / 2000 [ 60%]  (Sampling)
Chain 3: Iteration: 1400 / 2000 [ 70%]  (Sampling)
Chain 3: Iteration: 1600 / 2000 [ 80%]  (Sampling)
Chain 3: Iteration: 1800 / 2000 [ 90%]  (Sampling)
Chain 3: Iteration: 2000 / 2000 [100%]  (Sampling)
Chain 3: 
Chain 3:  Elapsed Time: 7910.67 seconds (Warm-up)
Chain 3:                1235.28 seconds (Sampling)
Chain 3:                9145.95 seconds (Total)
Chain 3: 
Chain 2: Iteration:  400 / 2000 [ 20%]  (Warmup)
Chain 2: Iteration:  600 / 2000 [ 30%]  (Warmup)
Chain 4: Iteration:  400 / 2000 [ 20%]  (Warmup)
Chain 2: Iteration:  800 / 2000 [ 40%]  (Warmup)
Chain 2: Iteration: 1000 / 2000 [ 50%]  (Warmup)
Chain 2: Iteration: 1001 / 2000 [ 50%]  (Sampling)
Chain 1: Iteration:  400 / 2000 [ 20%]  (Warmup)
Chain 2: Iteration: 1200 / 2000 [ 60%]  (Sampling)
Chain 2: Iteration: 1400 / 2000 [ 70%]  (Sampling)
Chain 2: Iteration: 1600 / 2000 [ 80%]  (Sampling)
Chain 4: Iteration:  600 / 2000 [ 30%]  (Warmup)
Chain 2: Iteration: 1800 / 2000 [ 90%]  (Sampling)
Chain 2: Iteration: 2000 / 2000 [100%]  (Sampling)
Chain 2: 
Chain 2:  Elapsed Time: 13170.3 seconds (Warm-up)
Chain 2:                1280.47 seconds (Sampling)
Chain 2:                14450.7 seconds (Total)
Chain 2: 
Chain 4: Iteration:  800 / 2000 [ 40%]  (Warmup)
Chain 1: Iteration:  600 / 2000 [ 30%]  (Warmup)
Chain 4: Iteration: 1000 / 2000 [ 50%]  (Warmup)
Chain 4: Iteration: 1001 / 2000 [ 50%]  (Sampling)
Chain 4: Iteration: 1200 / 2000 [ 60%]  (Sampling)
Chain 4: Iteration: 1400 / 2000 [ 70%]  (Sampling)
Chain 1: Iteration:  800 / 2000 [ 40%]  (Warmup)
Chain 4: Iteration: 1600 / 2000 [ 80%]  (Sampling)
Chain 4: Iteration: 1800 / 2000 [ 90%]  (Sampling)
Chain 1: Iteration: 1000 / 2000 [ 50%]  (Warmup)
Chain 1: Iteration: 1001 / 2000 [ 50%]  (Sampling)
Chain 4: Iteration: 2000 / 2000 [100%]  (Sampling)
Chain 4: 
Chain 4:  Elapsed Time: 15327.1 seconds (Warm-up)
Chain 4:                1619.75 seconds (Sampling)
Chain 4:                16946.9 seconds (Total)
Chain 4: 
Chain 1: Iteration: 1200 / 2000 [ 60%]  (Sampling)
Chain 1: Iteration: 1400 / 2000 [ 70%]  (Sampling)
Chain 1: Iteration: 1600 / 2000 [ 80%]  (Sampling)
Chain 1: Iteration: 1800 / 2000 [ 90%]  (Sampling)
Chain 1: Iteration: 2000 / 2000 [100%]  (Sampling)
Chain 1: 
Chain 1:  Elapsed Time: 16945.7 seconds (Warm-up)
Chain 1:                1409.68 seconds (Sampling)
Chain 1:                18355.4 seconds (Total)
Chain 1: 
[1] "2021-10-09 21:45:45 EDT"
[1] "e_short"
[1] "starting b short"
[1] "2021-10-09 21:45:50 EDT"

SAMPLING FOR MODEL 'ec3b8deda478b522d50f080be934d31f' NOW (CHAIN 1).

SAMPLING FOR MODEL 'ec3b8deda478b522d50f080be934d31f' NOW (CHAIN 2).
Chain 1: 
Chain 1: Gradient evaluation took 0.034681 seconds
Chain 1: 1000 transitions using 10 leapfrog steps per transition would take 346.81 seconds.
Chain 1: Adjust your expectations accordingly!
Chain 1: 
Chain 1: 
Chain 2: 
Chain 2: Gradient evaluation took 0.020267 seconds
Chain 2: 1000 transitions using 10 leapfrog steps per transition would take 202.67 seconds.
Chain 2: Adjust your expectations accordingly!
Chain 2: 
Chain 2: 

SAMPLING FOR MODEL 'ec3b8deda478b522d50f080be934d31f' NOW (CHAIN 3).

SAMPLING FOR MODEL 'ec3b8deda478b522d50f080be934d31f' NOW (CHAIN 4).
Chain 3: 
Chain 3: Gradient evaluation took 0.046226 seconds
Chain 3: 1000 transitions using 10 leapfrog steps per transition would take 462.26 seconds.
Chain 3: Adjust your expectations accordingly!
Chain 3: 
Chain 3: 
Chain 4: 
Chain 4: Gradient evaluation took 0.036485 seconds
Chain 4: 1000 transitions using 10 leapfrog steps per transition would take 364.85 seconds.
Chain 4: Adjust your expectations accordingly!
Chain 4: 
Chain 4: 
Chain 2: Iteration:    1 / 2200 [  0%]  (Warmup)
Chain 4: Iteration:    1 / 2200 [  0%]  (Warmup)
Chain 1: Iteration:    1 / 2200 [  0%]  (Warmup)
Chain 3: Iteration:    1 / 2200 [  0%]  (Warmup)
Chain 2: Iteration:  220 / 2200 [ 10%]  (Warmup)
Chain 2: Iteration:  440 / 2200 [ 20%]  (Warmup)
Chain 2: Iteration:  660 / 2200 [ 30%]  (Warmup)
Chain 2: Iteration:  880 / 2200 [ 40%]  (Warmup)
Chain 2: Iteration: 1100 / 2200 [ 50%]  (Warmup)
Chain 2: Iteration: 1101 / 2200 [ 50%]  (Sampling)
Chain 2: Iteration: 1320 / 2200 [ 60%]  (Sampling)
Chain 2: Iteration: 1540 / 2200 [ 70%]  (Sampling)
Chain 2: Iteration: 1760 / 2200 [ 80%]  (Sampling)
Chain 2: Iteration: 1980 / 2200 [ 90%]  (Sampling)
Chain 2: Iteration: 2200 / 2200 [100%]  (Sampling)
Chain 2: 
Chain 2:  Elapsed Time: 4536.51 seconds (Warm-up)
Chain 2:                1288.77 seconds (Sampling)
Chain 2:                5825.28 seconds (Total)
Chain 2: 
Chain 4: Iteration:  220 / 2200 [ 10%]  (Warmup)
Chain 3: Iteration:  220 / 2200 [ 10%]  (Warmup)
Chain 1: Iteration:  220 / 2200 [ 10%]  (Warmup)
Chain 4: Iteration:  440 / 2200 [ 20%]  (Warmup)
Chain 4: Iteration:  660 / 2200 [ 30%]  (Warmup)
Chain 4: Iteration:  880 / 2200 [ 40%]  (Warmup)
Chain 4: Iteration: 1100 / 2200 [ 50%]  (Warmup)
Chain 4: Iteration: 1101 / 2200 [ 50%]  (Sampling)
Chain 4: Iteration: 1320 / 2200 [ 60%]  (Sampling)
Chain 4: Iteration: 1540 / 2200 [ 70%]  (Sampling)
Chain 4: Iteration: 1760 / 2200 [ 80%]  (Sampling)
Chain 4: Iteration: 1980 / 2200 [ 90%]  (Sampling)
Chain 3: Iteration:  440 / 2200 [ 20%]  (Warmup)
Chain 4: Iteration: 2200 / 2200 [100%]  (Sampling)
Chain 4: 
Chain 4:  Elapsed Time: 9416.64 seconds (Warm-up)
Chain 4:                1389.91 seconds (Sampling)
Chain 4:                10806.6 seconds (Total)
Chain 4: 
Chain 1: Iteration:  440 / 2200 [ 20%]  (Warmup)
Chain 3: Iteration:  660 / 2200 [ 30%]  (Warmup)
Chain 1: Iteration:  660 / 2200 [ 30%]  (Warmup)
Chain 3: Iteration:  880 / 2200 [ 40%]  (Warmup)
Chain 1: Iteration:  880 / 2200 [ 40%]  (Warmup)
Chain 1: Iteration: 1100 / 2200 [ 50%]  (Warmup)
Chain 1: Iteration: 1101 / 2200 [ 50%]  (Sampling)
Chain 3: Iteration: 1100 / 2200 [ 50%]  (Warmup)
Chain 3: Iteration: 1101 / 2200 [ 50%]  (Sampling)
Chain 1: Iteration: 1320 / 2200 [ 60%]  (Sampling)
Chain 3: Iteration: 1320 / 2200 [ 60%]  (Sampling)
Chain 1: Iteration: 1540 / 2200 [ 70%]  (Sampling)
Chain 3: Iteration: 1540 / 2200 [ 70%]  (Sampling)
Chain 1: Iteration: 1760 / 2200 [ 80%]  (Sampling)
Chain 3: Iteration: 1760 / 2200 [ 80%]  (Sampling)
Chain 1: Iteration: 1980 / 2200 [ 90%]  (Sampling)
Chain 3: Iteration: 1980 / 2200 [ 90%]  (Sampling)
Chain 1: Iteration: 2200 / 2200 [100%]  (Sampling)
Chain 1: 
Chain 1:  Elapsed Time: 12806.9 seconds (Warm-up)
Chain 1:                1264.08 seconds (Sampling)
Chain 1:                14070.9 seconds (Total)
Chain 1: 
Chain 3: Iteration: 2200 / 2200 [100%]  (Sampling)
Chain 3: 
Chain 3:  Elapsed Time: 12822.1 seconds (Warm-up)
Chain 3:                1487.78 seconds (Sampling)
Chain 3:                14309.9 seconds (Total)
Chain 3: 
[1] "2021-10-10 01:45:17 EDT"
[1] "b_short"
[1] "starting e full"
[1] "2021-10-10 01:45:17 EDT"

SAMPLING FOR MODEL '3199e9a41a9fb598e4b17b048e670bce' NOW (CHAIN 3).

SAMPLING FOR MODEL '3199e9a41a9fb598e4b17b048e670bce' NOW (CHAIN 1).
Chain 3: 
Chain 3: Gradient evaluation took 0.040308 seconds
Chain 3: 1000 transitions using 10 leapfrog steps per transition would take 403.08 seconds.
Chain 3: Adjust your expectations accordingly!
Chain 3: 
Chain 3: 
Chain 1: 
Chain 1: Gradient evaluation took 0.075726 seconds
Chain 1: 1000 transitions using 10 leapfrog steps per transition would take 757.26 seconds.
Chain 1: Adjust your expectations accordingly!
Chain 1: 
Chain 1: 

SAMPLING FOR MODEL '3199e9a41a9fb598e4b17b048e670bce' NOW (CHAIN 2).
Chain 2: 
Chain 2: Gradient evaluation took 0.074544 seconds
Chain 2: 1000 transitions using 10 leapfrog steps per transition would take 745.44 seconds.
Chain 2: Adjust your expectations accordingly!
Chain 2: 
Chain 2: 

SAMPLING FOR MODEL '3199e9a41a9fb598e4b17b048e670bce' NOW (CHAIN 4).
Chain 4: 
Chain 4: Gradient evaluation took 0.111974 seconds
Chain 4: 1000 transitions using 10 leapfrog steps per transition would take 1119.74 seconds.
Chain 4: Adjust your expectations accordingly!
Chain 4: 
Chain 4: 
Chain 3: Iteration:    1 / 2000 [  0%]  (Warmup)
Chain 2: Iteration:    1 / 2000 [  0%]  (Warmup)
Chain 1: Iteration:    1 / 2000 [  0%]  (Warmup)
Chain 4: Iteration:    1 / 2000 [  0%]  (Warmup)
Chain 3: Iteration:  200 / 2000 [ 10%]  (Warmup)
