[1] ".Rprofile loaded"
[1] "Completed OK"
[1] "starting e short"
[1] "2021-10-10 09:04:46 EDT"


SAMPLINGSAMPLING FOR MODEL ' FOR MODEL 'a06804c9b7d51796053f38f8b4b5de1ca06804c9b7d51796053f38f8b4b5de1c' NOW (CHAIN ' NOW (CHAIN 21).
).

SAMPLING FOR MODEL 'a06804c9b7d51796053f38f8b4b5de1c' NOW (CHAIN 3).
Chain 3: 
Chain 3: Gradient evaluation took 0.127008 seconds
Chain 3: 1000 transitions using 10 leapfrog steps per transition would take 1270.08 seconds.
Chain 3: Adjust your expectations accordingly!
Chain 3: 
Chain 3: 
Chain 2: 
Chain 2: Gradient evaluation took 0.152809 seconds
Chain 2: 1000 transitions using 10 leapfrog steps per transition would take 1528.09 seconds.
Chain 2: Adjust your expectations accordingly!
Chain 2: 
Chain 2: 
Chain 1: 
Chain 1: Gradient evaluation took 0.153094 seconds
Chain 1: 1000 transitions using 10 leapfrog steps per transition would take 1530.94 seconds.
Chain 1: Adjust your expectations accordingly!
Chain 1: 
Chain 1: 

SAMPLING FOR MODEL 'a06804c9b7d51796053f38f8b4b5de1c' NOW (CHAIN 4).
Chain 4: 
Chain 4: Gradient evaluation took 0.165299 seconds
Chain 4: 1000 transitions using 10 leapfrog steps per transition would take 1652.99 seconds.
Chain 4: Adjust your expectations accordingly!
Chain 4: 
Chain 4: 
Chain 2: Iteration:    1 / 2000 [  0%]  (Warmup)
Chain 1: Iteration:    1 / 2000 [  0%]  (Warmup)
Chain 3: Iteration:    1 / 2000 [  0%]  (Warmup)
Chain 4: Iteration:    1 / 2000 [  0%]  (Warmup)
Chain 3: Iteration:  200 / 2000 [ 10%]  (Warmup)
Chain 4: Iteration:  200 / 2000 [ 10%]  (Warmup)
Chain 1: Iteration:  200 / 2000 [ 10%]  (Warmup)
Chain 2: Iteration:  200 / 2000 [ 10%]  (Warmup)
Chain 3: Iteration:  400 / 2000 [ 20%]  (Warmup)
