[1] ".Rprofile loaded"
[1] "Completed OK"
[1] "starting e short"
[1] "2021-10-09 12:08:27 EDT"

SAMPLING FOR MODEL '8bf0f6f8cf090dba13a3a28b4235c811' NOW (CHAIN 1).

SAMPLING FOR MODEL '8bf0f6f8cf090dba13a3a28b4235c811' NOW (CHAIN 2).
Chain 1: 
Chain 1: Gradient evaluation took 0.035844 seconds
Chain 1: 1000 transitions using 10 leapfrog steps per transition would take 358.44 seconds.
Chain 1: Adjust your expectations accordingly!
Chain 1: 
Chain 1: 
Chain 2: 
Chain 2: Gradient evaluation took 0.041577 seconds
Chain 2: 1000 transitions using 10 leapfrog steps per transition would take 415.77 seconds.
Chain 2: Adjust your expectations accordingly!
Chain 2: 
Chain 2: 

SAMPLING FOR MODEL '8bf0f6f8cf090dba13a3a28b4235c811' NOW (CHAIN 4).

SAMPLING FOR MODEL '8bf0f6f8cf090dba13a3a28b4235c811' NOW (CHAIN 3).
Chain 4: 
Chain 4: Gradient evaluation took 0.025801 seconds
Chain 4: 1000 transitions using 10 leapfrog steps per transition would take 258.01 seconds.
Chain 4: Adjust your expectations accordingly!
Chain 4: 
Chain 4: 
Chain 3: 
Chain 3: Gradient evaluation took 0.0421 seconds
Chain 3: 1000 transitions using 10 leapfrog steps per transition would take 421 seconds.
Chain 3: Adjust your expectations accordingly!
Chain 3: 
Chain 3: 
Chain 4: Iteration:    1 / 10000 [  0%]  (Warmup)
Chain 3: Iteration:    1 / 10000 [  0%]  (Warmup)
Chain 1: Iteration:    1 / 10000 [  0%]  (Warmup)
Chain 2: Iteration:    1 / 10000 [  0%]  (Warmup)
Chain 4: Iteration: 1000 / 10000 [ 10%]  (Warmup)
Chain 4: Iteration: 2000 / 10000 [ 20%]  (Warmup)
Chain 4: Iteration: 3000 / 10000 [ 30%]  (Warmup)
Chain 4: Iteration: 4000 / 10000 [ 40%]  (Warmup)
