[1] ".Rprofile loaded"
[1] "Completed OK"
[1] "starting e short"
[1] "2021-10-09 07:44:43 EDT"

SAMPLING FOR MODEL '1aa392be02ffd286a5e5cca1e398ce1a' NOW (CHAIN 1).

SAMPLING FOR MODEL '1aa392be02ffd286a5e5cca1e398ce1a' NOW (CHAIN 2).
Chain 1: 
Chain 1: Gradient evaluation took 0.001609 seconds
Chain 1: 1000 transitions using 10 leapfrog steps per transition would take 16.09 seconds.
Chain 1: Adjust your expectations accordingly!
Chain 1: 
Chain 1: 
Chain 2: 
Chain 2: Gradient evaluation took 0.001971 seconds
Chain 2: 1000 transitions using 10 leapfrog steps per transition would take 19.71 seconds.
Chain 2: Adjust your expectations accordingly!
Chain 2: 
Chain 2: 

SAMPLING FOR MODEL '1aa392be02ffd286a5e5cca1e398ce1a' NOW (CHAIN 3).

SAMPLING FOR MODEL '1aa392be02ffd286a5e5cca1e398ce1a' NOW (CHAIN 4).
Chain 3: 
Chain 3: Gradient evaluation took 0.001419 seconds
Chain 3: 1000 transitions using 10 leapfrog steps per transition would take 14.19 seconds.
Chain 3: Adjust your expectations accordingly!
Chain 3: 
Chain 3: 
Chain 4: 
Chain 4: Gradient evaluation took 0.001466 seconds
Chain 4: 1000 transitions using 10 leapfrog steps per transition would take 14.66 seconds.
Chain 4: Adjust your expectations accordingly!
Chain 4: 
Chain 4: 
Chain 1: Iteration:    1 / 3000 [  0%]  (Warmup)
Chain 2: Iteration:    1 / 3000 [  0%]  (Warmup)
Chain 4: Iteration:    1 / 3000 [  0%]  (Warmup)
Chain 3: Iteration:    1 / 3000 [  0%]  (Warmup)
Chain 2: Iteration:  300 / 3000 [ 10%]  (Warmup)
Chain 2: Iteration:  600 / 3000 [ 20%]  (Warmup)
Chain 2: Iteration:  900 / 3000 [ 30%]  (Warmup)
Chain 4: Iteration:  300 / 3000 [ 10%]  (Warmup)
Chain 2: Iteration: 1200 / 3000 [ 40%]  (Warmup)
Chain 3: Iteration:  300 / 3000 [ 10%]  (Warmup)
Chain 1: Iteration:  300 / 3000 [ 10%]  (Warmup)
Chain 4: Iteration:  600 / 3000 [ 20%]  (Warmup)
Chain 2: Iteration: 1500 / 3000 [ 50%]  (Warmup)
Chain 2: Iteration: 1501 / 3000 [ 50%]  (Sampling)
Chain 4: Iteration:  900 / 3000 [ 30%]  (Warmup)
Chain 1: Iteration:  600 / 3000 [ 20%]  (Warmup)
Chain 2: Iteration: 1800 / 3000 [ 60%]  (Sampling)
Chain 3: Iteration:  600 / 3000 [ 20%]  (Warmup)
Chain 4: Iteration: 1200 / 3000 [ 40%]  (Warmup)
Chain 1: Iteration:  900 / 3000 [ 30%]  (Warmup)
Chain 2: Iteration: 2100 / 3000 [ 70%]  (Sampling)
Chain 4: Iteration: 1500 / 3000 [ 50%]  (Warmup)
Chain 4: Iteration: 1501 / 3000 [ 50%]  (Sampling)
Chain 2: Iteration: 2400 / 3000 [ 80%]  (Sampling)
Chain 1: Iteration: 1200 / 3000 [ 40%]  (Warmup)
Chain 4: Iteration: 1800 / 3000 [ 60%]  (Sampling)
Chain 3: Iteration:  900 / 3000 [ 30%]  (Warmup)
Chain 2: Iteration: 2700 / 3000 [ 90%]  (Sampling)
Chain 4: Iteration: 2100 / 3000 [ 70%]  (Sampling)
Chain 1: Iteration: 1500 / 3000 [ 50%]  (Warmup)
Chain 1: Iteration: 1501 / 3000 [ 50%]  (Sampling)
Chain 4: Iteration: 2400 / 3000 [ 80%]  (Sampling)
Chain 2: Iteration: 3000 / 3000 [100%]  (Sampling)
Chain 2: 
Chain 2:  Elapsed Time: 149.661 seconds (Warm-up)
Chain 2:                39.2805 seconds (Sampling)
Chain 2:                188.941 seconds (Total)
Chain 2: 
Chain 3: Iteration: 1200 / 3000 [ 40%]  (Warmup)
Chain 1: Iteration: 1800 / 3000 [ 60%]  (Sampling)
Chain 4: Iteration: 2700 / 3000 [ 90%]  (Sampling)
Chain 1: Iteration: 2100 / 3000 [ 70%]  (Sampling)
Chain 4: Iteration: 3000 / 3000 [100%]  (Sampling)
Chain 4: 
Chain 4:  Elapsed Time: 168.123 seconds (Warm-up)
Chain 4:                31.9111 seconds (Sampling)
Chain 4:                200.034 seconds (Total)
Chain 4: 
Chain 3: Iteration: 1500 / 3000 [ 50%]  (Warmup)
Chain 3: Iteration: 1501 / 3000 [ 50%]  (Sampling)
Chain 1: Iteration: 2400 / 3000 [ 80%]  (Sampling)
Chain 3: Iteration: 1800 / 3000 [ 60%]  (Sampling)
Chain 1: Iteration: 2700 / 3000 [ 90%]  (Sampling)
Chain 3: Iteration: 2100 / 3000 [ 70%]  (Sampling)
Chain 1: Iteration: 3000 / 3000 [100%]  (Sampling)
Chain 1: 
Chain 1:  Elapsed Time: 181.849 seconds (Warm-up)
Chain 1:                42.3547 seconds (Sampling)
Chain 1:                224.203 seconds (Total)
Chain 1: 
Chain 3: Iteration: 2400 / 3000 [ 80%]  (Sampling)
Chain 3: Iteration: 2700 / 3000 [ 90%]  (Sampling)
Chain 3: Iteration: 3000 / 3000 [100%]  (Sampling)
Chain 3: 
Chain 3:  Elapsed Time: 202.213 seconds (Warm-up)
Chain 3:                36.2258 seconds (Sampling)
Chain 3:                238.439 seconds (Total)
Chain 3: 
[1] "2021-10-09 07:49:12 EDT"
[1] "e_short"
[1] "starting b short"
[1] "2021-10-09 07:49:16 EDT"

SAMPLING FOR MODEL '069868a6145b81c5357249a7de0fb22c' NOW (CHAIN 1).
Chain 1: 
Chain 1: Gradient evaluation took 0.001417 seconds
Chain 1: 1000 transitions using 10 leapfrog steps per transition would take 14.17 seconds.
Chain 1: Adjust your expectations accordingly!
Chain 1: 
Chain 1: 

SAMPLING FOR MODEL '069868a6145b81c5357249a7de0fb22c' NOW (CHAIN 2).
Chain 2: 
Chain 2: Gradient evaluation took 0.001358 seconds
Chain 2: 1000 transitions using 10 leapfrog steps per transition would take 13.58 seconds.
Chain 2: Adjust your expectations accordingly!
Chain 2: 
Chain 2: 
Chain 1: Iteration:    1 / 2000 [  0%]  (Warmup)

SAMPLING FOR MODEL '069868a6145b81c5357249a7de0fb22c' NOW (CHAIN 4).

SAMPLING FOR MODEL '069868a6145b81c5357249a7de0fb22c' NOW (CHAIN 3).
Chain 4: 
Chain 4: Gradient evaluation took 0.001438 seconds
Chain 4: 1000 transitions using 10 leapfrog steps per transition would take 14.38 seconds.
Chain 4: Adjust your expectations accordingly!
Chain 4: 
Chain 4: 
Chain 3: 
Chain 3: Gradient evaluation took 0.00144 seconds
Chain 3: 1000 transitions using 10 leapfrog steps per transition would take 14.4 seconds.
Chain 3: Adjust your expectations accordingly!
Chain 3: 
Chain 3: 
Chain 2: Iteration:    1 / 2000 [  0%]  (Warmup)
Chain 4: Iteration:    1 / 2000 [  0%]  (Warmup)
Chain 3: Iteration:    1 / 2000 [  0%]  (Warmup)
Chain 3: Iteration:  200 / 2000 [ 10%]  (Warmup)
Chain 4: Iteration:  200 / 2000 [ 10%]  (Warmup)
Chain 2: Iteration:  200 / 2000 [ 10%]  (Warmup)
Chain 1: Iteration:  200 / 2000 [ 10%]  (Warmup)
Chain 3: Iteration:  400 / 2000 [ 20%]  (Warmup)
Chain 3: Iteration:  600 / 2000 [ 30%]  (Warmup)
Chain 3: Iteration:  800 / 2000 [ 40%]  (Warmup)
Chain 3: Iteration: 1000 / 2000 [ 50%]  (Warmup)
Chain 3: Iteration: 1001 / 2000 [ 50%]  (Sampling)
Chain 3: Iteration: 1200 / 2000 [ 60%]  (Sampling)
Chain 4: Iteration:  400 / 2000 [ 20%]  (Warmup)
Chain 3: Iteration: 1400 / 2000 [ 70%]  (Sampling)
Chain 2: Iteration:  400 / 2000 [ 20%]  (Warmup)
Chain 4: Iteration:  600 / 2000 [ 30%]  (Warmup)
Chain 3: Iteration: 1600 / 2000 [ 80%]  (Sampling)
Chain 1: Iteration:  400 / 2000 [ 20%]  (Warmup)
Chain 4: Iteration:  800 / 2000 [ 40%]  (Warmup)
Chain 2: Iteration:  600 / 2000 [ 30%]  (Warmup)
Chain 3: Iteration: 1800 / 2000 [ 90%]  (Sampling)
Chain 1: Iteration:  600 / 2000 [ 30%]  (Warmup)
Chain 3: Iteration: 2000 / 2000 [100%]  (Sampling)
Chain 3: 
Chain 3:  Elapsed Time: 126.187 seconds (Warm-up)
Chain 3:                21.2388 seconds (Sampling)
Chain 3:                147.426 seconds (Total)
Chain 3: 
Chain 4: Iteration: 1000 / 2000 [ 50%]  (Warmup)
Chain 4: Iteration: 1001 / 2000 [ 50%]  (Sampling)
Chain 2: Iteration:  800 / 2000 [ 40%]  (Warmup)
Chain 1: Iteration:  800 / 2000 [ 40%]  (Warmup)
Chain 4: Iteration: 1200 / 2000 [ 60%]  (Sampling)
Chain 2: Iteration: 1000 / 2000 [ 50%]  (Warmup)
Chain 2: Iteration: 1001 / 2000 [ 50%]  (Sampling)
Chain 1: Iteration: 1000 / 2000 [ 50%]  (Warmup)
Chain 1: Iteration: 1001 / 2000 [ 50%]  (Sampling)
Chain 4: Iteration: 1400 / 2000 [ 70%]  (Sampling)
Chain 2: Iteration: 1200 / 2000 [ 60%]  (Sampling)
Chain 1: Iteration: 1200 / 2000 [ 60%]  (Sampling)
Chain 4: Iteration: 1600 / 2000 [ 80%]  (Sampling)
Chain 2: Iteration: 1400 / 2000 [ 70%]  (Sampling)
Chain 1: Iteration: 1400 / 2000 [ 70%]  (Sampling)
Chain 4: Iteration: 1800 / 2000 [ 90%]  (Sampling)
Chain 2: Iteration: 1600 / 2000 [ 80%]  (Sampling)
Chain 1: Iteration: 1600 / 2000 [ 80%]  (Sampling)
Chain 4: Iteration: 2000 / 2000 [100%]  (Sampling)
Chain 4: 
Chain 4:  Elapsed Time: 148.322 seconds (Warm-up)
Chain 4:                26.2676 seconds (Sampling)
Chain 4:                174.59 seconds (Total)
Chain 4: 
Chain 2: Iteration: 1800 / 2000 [ 90%]  (Sampling)
Chain 1: Iteration: 1800 / 2000 [ 90%]  (Sampling)
Chain 2: Iteration: 2000 / 2000 [100%]  (Sampling)
Chain 2: 
Chain 2:  Elapsed Time: 154.049 seconds (Warm-up)
Chain 2:                28.2208 seconds (Sampling)
Chain 2:                182.27 seconds (Total)
Chain 2: 
Chain 1: Iteration: 2000 / 2000 [100%]  (Sampling)
Chain 1: 
Chain 1:  Elapsed Time: 156.927 seconds (Warm-up)
Chain 1:                27.4035 seconds (Sampling)
Chain 1:                184.33 seconds (Total)
Chain 1: 
[1] "2021-10-09 07:52:54 EDT"
[1] "b_short"
[1] "starting e full"
[1] "2021-10-09 07:52:54 EDT"

SAMPLING FOR MODEL '5cac6e824b566852ec6ef56304515140' NOW (CHAIN 1).
Chain 1: 
Chain 1: Gradient evaluation took 0.003073 seconds
Chain 1: 1000 transitions using 10 leapfrog steps per transition would take 30.73 seconds.
Chain 1: Adjust your expectations accordingly!
Chain 1: 
Chain 1: 

SAMPLING FOR MODEL '5cac6e824b566852ec6ef56304515140' NOW (CHAIN 2).
Chain 2: 
Chain 2: Gradient evaluation took 0.003768 seconds
Chain 2: 1000 transitions using 10 leapfrog steps per transition would take 37.68 seconds.
Chain 2: Adjust your expectations accordingly!
Chain 2: 
Chain 2: 

SAMPLING FOR MODEL '5cac6e824b566852ec6ef56304515140' NOW (CHAIN 4).
Chain 4: 
Chain 4: Gradient evaluation took 0.002468 seconds
Chain 4: 1000 transitions using 10 leapfrog steps per transition would take 24.68 seconds.
Chain 4: Adjust your expectations accordingly!
Chain 4: 
Chain 4: 

SAMPLING FOR MODEL '5cac6e824b566852ec6ef56304515140' NOW (CHAIN 3).
Chain 2: Iteration:    1 / 2000 [  0%]  (Warmup)
Chain 3: 
Chain 3: Gradient evaluation took 0.003535 seconds
Chain 3: 1000 transitions using 10 leapfrog steps per transition would take 35.35 seconds.
Chain 3: Adjust your expectations accordingly!
Chain 3: 
Chain 3: 
Chain 4: Iteration:    1 / 2000 [  0%]  (Warmup)
Chain 1: Iteration:    1 / 2000 [  0%]  (Warmup)
Chain 3: Iteration:    1 / 2000 [  0%]  (Warmup)
Chain 2: Iteration:  200 / 2000 [ 10%]  (Warmup)
Chain 4: Iteration:  200 / 2000 [ 10%]  (Warmup)
Chain 3: Iteration:  200 / 2000 [ 10%]  (Warmup)
Chain 1: Iteration:  200 / 2000 [ 10%]  (Warmup)
Chain 4: Iteration:  400 / 2000 [ 20%]  (Warmup)
Chain 2: Iteration:  400 / 2000 [ 20%]  (Warmup)
Chain 4: Iteration:  600 / 2000 [ 30%]  (Warmup)
Chain 4: Iteration:  800 / 2000 [ 40%]  (Warmup)
Chain 2: Iteration:  600 / 2000 [ 30%]  (Warmup)
Chain 4: Iteration: 1000 / 2000 [ 50%]  (Warmup)
Chain 4: Iteration: 1001 / 2000 [ 50%]  (Sampling)
Chain 2: Iteration:  800 / 2000 [ 40%]  (Warmup)
Chain 4: Iteration: 1200 / 2000 [ 60%]  (Sampling)
Chain 2: Iteration: 1000 / 2000 [ 50%]  (Warmup)
Chain 2: Iteration: 1001 / 2000 [ 50%]  (Sampling)
Chain 4: Iteration: 1400 / 2000 [ 70%]  (Sampling)
Chain 2: Iteration: 1200 / 2000 [ 60%]  (Sampling)
Chain 4: Iteration: 1600 / 2000 [ 80%]  (Sampling)
Chain 3: Iteration:  400 / 2000 [ 20%]  (Warmup)
Chain 2: Iteration: 1400 / 2000 [ 70%]  (Sampling)
Chain 4: Iteration: 1800 / 2000 [ 90%]  (Sampling)
Chain 2: Iteration: 1600 / 2000 [ 80%]  (Sampling)
Chain 3: Iteration:  600 / 2000 [ 30%]  (Warmup)
Chain 4: Iteration: 2000 / 2000 [100%]  (Sampling)
Chain 4: 
Chain 4:  Elapsed Time: 416.675 seconds (Warm-up)
Chain 4:                66.1107 seconds (Sampling)
Chain 4:                482.785 seconds (Total)
Chain 4: 
Chain 2: Iteration: 1800 / 2000 [ 90%]  (Sampling)
Chain 3: Iteration:  800 / 2000 [ 40%]  (Warmup)
Chain 2: Iteration: 2000 / 2000 [100%]  (Sampling)
Chain 2: 
Chain 2:  Elapsed Time: 464.09 seconds (Warm-up)
Chain 2:                65.5776 seconds (Sampling)
Chain 2:                529.667 seconds (Total)
Chain 2: 
Chain 3: Iteration: 1000 / 2000 [ 50%]  (Warmup)
Chain 3: Iteration: 1001 / 2000 [ 50%]  (Sampling)
Chain 3: Iteration: 1200 / 2000 [ 60%]  (Sampling)
Chain 3: Iteration: 1400 / 2000 [ 70%]  (Sampling)
Chain 3: Iteration: 1600 / 2000 [ 80%]  (Sampling)
Chain 3: Iteration: 1800 / 2000 [ 90%]  (Sampling)
Chain 3: Iteration: 2000 / 2000 [100%]  (Sampling)
Chain 3: 
Chain 3:  Elapsed Time: 530.372 seconds (Warm-up)
Chain 3:                92.0236 seconds (Sampling)
Chain 3:                622.395 seconds (Total)
Chain 3: 
Chain 1: Iteration:  400 / 2000 [ 20%]  (Warmup)
Chain 1: Iteration:  600 / 2000 [ 30%]  (Warmup)
Chain 1: Iteration:  800 / 2000 [ 40%]  (Warmup)
Chain 1: Iteration: 1000 / 2000 [ 50%]  (Warmup)
Chain 1: Iteration: 1001 / 2000 [ 50%]  (Sampling)
Chain 1: Iteration: 1200 / 2000 [ 60%]  (Sampling)
Chain 1: Iteration: 1400 / 2000 [ 70%]  (Sampling)
Chain 1: Iteration: 1600 / 2000 [ 80%]  (Sampling)
Chain 1: Iteration: 1800 / 2000 [ 90%]  (Sampling)
Chain 1: Iteration: 2000 / 2000 [100%]  (Sampling)
Chain 1: 
Chain 1:  Elapsed Time: 642.585 seconds (Warm-up)
Chain 1:                52.6337 seconds (Sampling)
Chain 1:                695.219 seconds (Total)
Chain 1: 
[1] "2021-10-09 08:05:50 EDT"
[1] "e_full"
[1] "2021-10-09 08:05:50 EDT"
[1] "starting b full"

SAMPLING FOR MODEL '4181304a56f52909a8709a421b04606a' NOW (CHAIN 1).
Chain 1: 
Chain 1: Gradient evaluation took 0.002885 seconds
Chain 1: 1000 transitions using 10 leapfrog steps per transition would take 28.85 seconds.
Chain 1: Adjust your expectations accordingly!
Chain 1: 
Chain 1: 

SAMPLING FOR MODEL '4181304a56f52909a8709a421b04606a' NOW (CHAIN 2).
Chain 2: 
Chain 2: Gradient evaluation took 0.002855 seconds
Chain 2: 1000 transitions using 10 leapfrog steps per transition would take 28.55 seconds.
Chain 2: Adjust your expectations accordingly!
Chain 2: 
Chain 2: 

SAMPLING FOR MODEL '4181304a56f52909a8709a421b04606a' NOW (CHAIN 3).
Chain 3: 
Chain 3: Gradient evaluation took 0.003278 seconds
Chain 3: 1000 transitions using 10 leapfrog steps per transition would take 32.78 seconds.
Chain 3: Adjust your expectations accordingly!
Chain 3: 
Chain 3: 

SAMPLING FOR MODEL '4181304a56f52909a8709a421b04606a' NOW (CHAIN 4).
Chain 1: Iteration:    1 / 2000 [  0%]  (Warmup)
Chain 4: 
Chain 4: Gradient evaluation took 0.002795 seconds
Chain 4: 1000 transitions using 10 leapfrog steps per transition would take 27.95 seconds.
Chain 4: Adjust your expectations accordingly!
Chain 4: 
Chain 4: 
Chain 2: Iteration:    1 / 2000 [  0%]  (Warmup)
Chain 4: Iteration:    1 / 2000 [  0%]  (Warmup)
Chain 3: Iteration:    1 / 2000 [  0%]  (Warmup)
Chain 2: Iteration:  200 / 2000 [ 10%]  (Warmup)
Chain 4: Iteration:  200 / 2000 [ 10%]  (Warmup)
Chain 3: Iteration:  200 / 2000 [ 10%]  (Warmup)
Chain 1: Iteration:  200 / 2000 [ 10%]  (Warmup)
Chain 4: Iteration:  400 / 2000 [ 20%]  (Warmup)
Chain 2: Iteration:  400 / 2000 [ 20%]  (Warmup)
Chain 4: Iteration:  600 / 2000 [ 30%]  (Warmup)
Chain 2: Iteration:  600 / 2000 [ 30%]  (Warmup)
Chain 4: Iteration:  800 / 2000 [ 40%]  (Warmup)
Chain 2: Iteration:  800 / 2000 [ 40%]  (Warmup)
Chain 4: Iteration: 1000 / 2000 [ 50%]  (Warmup)
Chain 4: Iteration: 1001 / 2000 [ 50%]  (Sampling)
Chain 2: Iteration: 1000 / 2000 [ 50%]  (Warmup)
Chain 2: Iteration: 1001 / 2000 [ 50%]  (Sampling)
Chain 4: Iteration: 1200 / 2000 [ 60%]  (Sampling)
Chain 2: Iteration: 1200 / 2000 [ 60%]  (Sampling)
Chain 4: Iteration: 1400 / 2000 [ 70%]  (Sampling)
Chain 2: Iteration: 1400 / 2000 [ 70%]  (Sampling)
Chain 4: Iteration: 1600 / 2000 [ 80%]  (Sampling)
Chain 2: Iteration: 1600 / 2000 [ 80%]  (Sampling)
Chain 4: Iteration: 1800 / 2000 [ 90%]  (Sampling)
Chain 2: Iteration: 1800 / 2000 [ 90%]  (Sampling)
Chain 4: Iteration: 2000 / 2000 [100%]  (Sampling)
Chain 4: 
Chain 4:  Elapsed Time: 376.48 seconds (Warm-up)
Chain 4:                67.3076 seconds (Sampling)
Chain 4:                443.788 seconds (Total)
Chain 4: 
Chain 3: Iteration:  400 / 2000 [ 20%]  (Warmup)
Chain 2: Iteration: 2000 / 2000 [100%]  (Sampling)
Chain 2: 
Chain 2:  Elapsed Time: 383.698 seconds (Warm-up)
Chain 2:                66.6551 seconds (Sampling)
Chain 2:                450.353 seconds (Total)
Chain 2: 
Chain 3: Iteration:  600 / 2000 [ 30%]  (Warmup)
Chain 3: Iteration:  800 / 2000 [ 40%]  (Warmup)
Chain 3: Iteration: 1000 / 2000 [ 50%]  (Warmup)
Chain 3: Iteration: 1001 / 2000 [ 50%]  (Sampling)
Chain 3: Iteration: 1200 / 2000 [ 60%]  (Sampling)
Chain 3: Iteration: 1400 / 2000 [ 70%]  (Sampling)
Chain 3: Iteration: 1600 / 2000 [ 80%]  (Sampling)
Chain 3: Iteration: 1800 / 2000 [ 90%]  (Sampling)
Chain 3: Iteration: 2000 / 2000 [100%]  (Sampling)
Chain 3: 
Chain 3:  Elapsed Time: 506.994 seconds (Warm-up)
Chain 3:                91.6283 seconds (Sampling)
Chain 3:                598.622 seconds (Total)
Chain 3: 
Chain 1: Iteration:  400 / 2000 [ 20%]  (Warmup)
Chain 1: Iteration:  600 / 2000 [ 30%]  (Warmup)
Chain 1: Iteration:  800 / 2000 [ 40%]  (Warmup)
Chain 1: Iteration: 1000 / 2000 [ 50%]  (Warmup)
Chain 1: Iteration: 1001 / 2000 [ 50%]  (Sampling)
Chain 1: Iteration: 1200 / 2000 [ 60%]  (Sampling)
Chain 1: Iteration: 1400 / 2000 [ 70%]  (Sampling)
Chain 1: Iteration: 1600 / 2000 [ 80%]  (Sampling)
Chain 1: Iteration: 1800 / 2000 [ 90%]  (Sampling)
Chain 1: Iteration: 2000 / 2000 [100%]  (Sampling)
Chain 1: 
Chain 1:  Elapsed Time: 683.017 seconds (Warm-up)
Chain 1:                52.6921 seconds (Sampling)
Chain 1:                735.71 seconds (Total)
Chain 1: 
[1] "2021-10-09 08:18:41 EDT"
[1] "b_full"
