
Attaching package: 'dplyr'

The following objects are masked from 'package:stats':

    filter, lag

The following objects are masked from 'package:base':

    intersect, setdiff, setequal, union

Warning message:
expose_imports() is deprecated because of the edge cases it causes. Instead, please supply getNamespace('yourPackage') to the envir argument of make() and related functions. See https://github.com/ropensci/drake/issues/1286 for details. 
* Option 'clustermq.scheduler' not set, defaulting to 'SLURM'
--- see: https://mschubert.github.io/clustermq/articles/userguide.html#configuration
> target bbs_rtrg_413_11
Warning: target bbs_rtrg_413_11 warnings:
  strings not representable in native encoding will be translated to UTF-8
> target bbs_rtrg_40_4
> target bbs_rtrg_20_4
> target bbs_rtrg_21_65
> target bbs_rtrg_208_11
Warning: target bbs_rtrg_40_4 warnings:
  strings not representable in native encoding will be translated to UTF-8
> target bbs_rtrg_34_56
Warning: target bbs_rtrg_20_4 warnings:
  strings not representable in native encoding will be translated to UTF-8
> target bbs_rtrg_26_56
Warning: target bbs_rtrg_21_65 warnings:
  strings not representable in native encoding will be translated to UTF-8
> target bbs_rtrg_29_65
Warning: target bbs_rtrg_208_11 warnings:
  strings not representable in native encoding will be translated to UTF-8
> target bbs_rtrg_2_45
Warning: target bbs_rtrg_34_56 warnings:
  strings not representable in native encoding will be translated to UTF-8
> target bbs_rtrg_14_68
Warning: target bbs_rtrg_26_56 warnings:
  strings not representable in native encoding will be translated to UTF-8
> target bbs_rtrg_7_43
Warning: target bbs_rtrg_29_65 warnings:
  strings not representable in native encoding will be translated to UTF-8
> target bbs_rtrg_7_45
Warning: target bbs_rtrg_2_45 warnings:
  strings not representable in native encoding will be translated to UTF-8
> target bbs_rtrg_11_68
Warning: target bbs_rtrg_14_68 warnings:
  strings not representable in native encoding will be translated to UTF-8
> target bbs_rtrg_29_4
Warning: target bbs_rtrg_7_43 warnings:
  strings not representable in native encoding will be translated to UTF-8
> target bbs_rtrg_9_4
Warning: target bbs_rtrg_7_45 warnings:
  strings not representable in native encoding will be translated to UTF-8
> target bbs_rtrg_45_11
Warning: target bbs_rtrg_11_68 warnings:
  strings not representable in native encoding will be translated to UTF-8
> target bbs_rtrg_41_56
Warning: target bbs_rtrg_29_4 warnings:
  strings not representable in native encoding will be translated to UTF-8
> target bbs_rtrg_7_68
Warning: target bbs_rtrg_9_4 warnings:
  strings not representable in native encoding will be translated to UTF-8
> target bbs_rtrg_255_11
Warning: target bbs_rtrg_45_11 warnings:
  strings not representable in native encoding will be translated to UTF-8
> target bbs_rtrg_28_4
Warning: target bbs_rtrg_41_56 warnings:
  strings not representable in native encoding will be translated to UTF-8
> target sgmms_bbs_rtrg_413_11
Warning: target bbs_rtrg_7_68 warnings:
  strings not representable in native encoding will be translated to UTF-8
> target sgmms_bbs_rtrg_40_4
Warning: target bbs_rtrg_255_11 warnings:
  strings not representable in native encoding will be translated to UTF-8
> target sgmms_bbs_rtrg_20_4
Warning: target bbs_rtrg_28_4 warnings:
  strings not representable in native encoding will be translated to UTF-8
> target sgmms_bbs_rtrg_21_65
i target sgmms_bbs_rtrg_413_11 messages:
  Joining, by = "id"
 Joining, by = "id"
 Joining, by = "id"
 Joining, by = "id"
 Joining, by = "id"
 Joining, by = "id"
 Joining, by = "id"
 Joining, by = "id"
 Joining, by = "id"
 Joining, by = "id"
 Joining, by = "id"
 Joining, by = "id"
 Joining, by = "id"
 Joining, by = "id"
 Joining, by = "id"
 Joining, by = "id"
 Joining, by = "id"
 Joining, by = "id"
 Joining, by = "id"
 Joining, by = "id"
 Joining, by = "id"
 Joining, by = "id"
 Joining, by = "id"
 Joining, by = "id"
 Joining, by = "id"
 Joining, by = "id"
 Joining, by = "id"
 Joining, by = "id"
 Joining, by = "id"
 ...
> target sgmms_bbs_rtrg_208_11
i target sgmms_bbs_rtrg_40_4 messages:
  Joining, by = "id"
 Joining, by = "id"
 Joining, by = "id"
 Joining, by = "id"
 Joining, by = "id"
 Joining, by = "id"
 Joining, by = "id"
 Joining, by = "id"
 Joining, by = "id"
 Joining, by = "id"
 Joining, by = "id"
 Joining, by = "id"
 Joining, by = "id"
 Joining, by = "id"
 Joining, by = "id"
 Joining, by = "id"
 Joining, by = "id"
 Joining, by = "id"
 Joining, by = "id"
 Joining, by = "id"
 Joining, by = "id"
 Joining, by = "id"
 Joining, by = "id"
 Joining, by = "id"
 Joining, by = "id"
 Joining, by = "id"
 Joining, by = "id"
 Joining, by = "id"
 Joining, by = "id"
 ...
> target sgmms_bbs_rtrg_34_56
i target sgmms_bbs_rtrg_21_65 messages:
  Joining, by = "id"
 Joining, by = "id"
 Joining, by = "id"
 Joining, by = "id"
 Joining, by = "id"
 Joining, by = "id"
 Joining, by = "id"
 Joining, by = "id"
 Joining, by = "id"
 Joining, by = "id"
 Joining, by = "id"
 Joining, by = "id"
 Joining, by = "id"
 Joining, by = "id"
 Joining, by = "id"
 Joining, by = "id"
 Joining, by = "id"
 Joining, by = "id"
 Joining, by = "id"
 Joining, by = "id"
 Joining, by = "id"
 Joining, by = "id"
 Joining, by = "id"
 Joining, by = "id"
 Joining, by = "id"
 Joining, by = "id"
 Joining, by = "id"
 Joining, by = "id"
 Joining, by = "id"
 ...
> target sgmms_bbs_rtrg_26_56
i target sgmms_bbs_rtrg_20_4 messages:
  Joining, by = "id"
 Joining, by = "id"
 Joining, by = "id"
 Joining, by = "id"
 Joining, by = "id"
 Joining, by = "id"
 Joining, by = "id"
 Joining, by = "id"
 Joining, by = "id"
 Joining, by = "id"
 Joining, by = "id"
 Joining, by = "id"
 Joining, by = "id"
 Joining, by = "id"
 Joining, by = "id"
 Joining, by = "id"
 Joining, by = "id"
 Joining, by = "id"
 Joining, by = "id"
 Joining, by = "id"
 Joining, by = "id"
 Joining, by = "id"
 Joining, by = "id"
 Joining, by = "id"
 Joining, by = "id"
 Joining, by = "id"
 Joining, by = "id"
 Joining, by = "id"
 Joining, by = "id"
 ...
> target sgmms_bbs_rtrg_29_65
i target sgmms_bbs_rtrg_208_11 messages:
  Joining, by = "id"
 Joining, by = "id"
 Joining, by = "id"
 Joining, by = "id"
 Joining, by = "id"
 Joining, by = "id"
 Joining, by = "id"
 Joining, by = "id"
 Joining, by = "id"
 Joining, by = "id"
 Joining, by = "id"
 Joining, by = "id"
 Joining, by = "id"
 Joining, by = "id"
 Joining, by = "id"
 Joining, by = "id"
 Joining, by = "id"
 Joining, by = "id"
 Joining, by = "id"
 Joining, by = "id"
 Joining, by = "id"
 Joining, by = "id"
 Joining, by = "id"
 Joining, by = "id"
 Joining, by = "id"
 Joining, by = "id"
 Joining, by = "id"
 Joining, by = "id"
 Joining, by = "id"
 ...
> target sgmms_bbs_rtrg_2_45
i target sgmms_bbs_rtrg_34_56 messages:
  Joining, by = "id"
 Joining, by = "id"
 Joining, by = "id"
 Joining, by = "id"
 Joining, by = "id"
 Joining, by = "id"
 Joining, by = "id"
 Joining, by = "id"
 Joining, by = "id"
 Joining, by = "id"
 Joining, by = "id"
 Joining, by = "id"
 Joining, by = "id"
 Joining, by = "id"
 Joining, by = "id"
 Joining, by = "id"
 Joining, by = "id"
 Joining, by = "id"
 Joining, by = "id"
 Joining, by = "id"
 Joining, by = "id"
 Joining, by = "id"
 Joining, by = "id"
 Joining, by = "id"
 Joining, by = "id"
 Joining, by = "id"
 Joining, by = "id"
 Joining, by = "id"
 Joining, by = "id"
 ...
> target sgmms_bbs_rtrg_14_68
i target sgmms_bbs_rtrg_26_56 messages:
  Joining, by = "id"
 Joining, by = "id"
 Joining, by = "id"
 Joining, by = "id"
 Joining, by = "id"
 Joining, by = "id"
 Joining, by = "id"
 Joining, by = "id"
 Joining, by = "id"
 Joining, by = "id"
 Joining, by = "id"
 Joining, by = "id"
 Joining, by = "id"
 Joining, by = "id"
 Joining, by = "id"
 Joining, by = "id"
 Joining, by = "id"
 Joining, by = "id"
 Joining, by = "id"
 Joining, by = "id"
 Joining, by = "id"
 Joining, by = "id"
 Joining, by = "id"
 Joining, by = "id"
 Joining, by = "id"
 Joining, by = "id"
 Joining, by = "id"
 Joining, by = "id"
 Joining, by = "id"
 ...
> target sgmms_bbs_rtrg_7_43
i target sgmms_bbs_rtrg_29_65 messages:
  Joining, by = "id"
 Joining, by = "id"
 Joining, by = "id"
 Joining, by = "id"
 Joining, by = "id"
 Joining, by = "id"
 Joining, by = "id"
 Joining, by = "id"
 Joining, by = "id"
 Joining, by = "id"
 Joining, by = "id"
 Joining, by = "id"
 Joining, by = "id"
 Joining, by = "id"
 Joining, by = "id"
 Joining, by = "id"
 Joining, by = "id"
 Joining, by = "id"
 Joining, by = "id"
 Joining, by = "id"
 Joining, by = "id"
 Joining, by = "id"
 Joining, by = "id"
 Joining, by = "id"
 Joining, by = "id"
 Joining, by = "id"
 Joining, by = "id"
 Joining, by = "id"
 Joining, by = "id"
 ...
> target sgmms_bbs_rtrg_7_45
i target sgmms_bbs_rtrg_7_43 messages:
  Joining, by = "id"
 Joining, by = "id"
 Joining, by = "id"
 Joining, by = "id"
 Joining, by = "id"
 Joining, by = "id"
 Joining, by = "id"
 Joining, by = "id"
 Joining, by = "id"
 Joining, by = "id"
 Joining, by = "id"
 Joining, by = "id"
 Joining, by = "id"
 Joining, by = "id"
 Joining, by = "id"
 Joining, by = "id"
 Joining, by = "id"
 Joining, by = "id"
 Joining, by = "id"
 Joining, by = "id"
 Joining, by = "id"
 Joining, by = "id"
 Joining, by = "id"
 Joining, by = "id"
> target sgmms_bbs_rtrg_11_68
i target sgmms_bbs_rtrg_2_45 messages:
  Joining, by = "id"
 Joining, by = "id"
 Joining, by = "id"
 Joining, by = "id"
 Joining, by = "id"
 Joining, by = "id"
 Joining, by = "id"
 Joining, by = "id"
 Joining, by = "id"
 Joining, by = "id"
 Joining, by = "id"
 Joining, by = "id"
 Joining, by = "id"
 Joining, by = "id"
 Joining, by = "id"
 Joining, by = "id"
 Joining, by = "id"
 Joining, by = "id"
 Joining, by = "id"
 Joining, by = "id"
 Joining, by = "id"
 Joining, by = "id"
 Joining, by = "id"
 Joining, by = "id"
 Joining, by = "id"
 Joining, by = "id"
 Joining, by = "id"
 Joining, by = "id"
 Joining, by = "id"
 ...
> target sgmms_bbs_rtrg_29_4
i target sgmms_bbs_rtrg_14_68 messages:
  Joining, by = "id"
 Joining, by = "id"
 Joining, by = "id"
 Joining, by = "id"
 Joining, by = "id"
 Joining, by = "id"
 Joining, by = "id"
 Joining, by = "id"
 Joining, by = "id"
 Joining, by = "id"
 Joining, by = "id"
 Joining, by = "id"
 Joining, by = "id"
 Joining, by = "id"
 Joining, by = "id"
 Joining, by = "id"
 Joining, by = "id"
 Joining, by = "id"
 Joining, by = "id"
 Joining, by = "id"
 Joining, by = "id"
 Joining, by = "id"
 Joining, by = "id"
 Joining, by = "id"
 Joining, by = "id"
 Joining, by = "id"
 Joining, by = "id"
 Joining, by = "id"
 Joining, by = "id"
 Joining, by = "id"
> target sgmms_bbs_rtrg_9_4
i target sgmms_bbs_rtrg_7_45 messages:
  Joining, by = "id"
 Joining, by = "id"
 Joining, by = "id"
 Joining, by = "id"
 Joining, by = "id"
 Joining, by = "id"
 Joining, by = "id"
 Joining, by = "id"
 Joining, by = "id"
 Joining, by = "id"
 Joining, by = "id"
 Joining, by = "id"
 Joining, by = "id"
 Joining, by = "id"
 Joining, by = "id"
 Joining, by = "id"
 Joining, by = "id"
 Joining, by = "id"
 Joining, by = "id"
 Joining, by = "id"
 Joining, by = "id"
 Joining, by = "id"
 Joining, by = "id"
 Joining, by = "id"
 Joining, by = "id"
 Joining, by = "id"
 Joining, by = "id"
 Joining, by = "id"
 Joining, by = "id"
 ...
> target sgmms_bbs_rtrg_45_11
i target sgmms_bbs_rtrg_29_4 messages:
  Joining, by = "id"
 Joining, by = "id"
 Joining, by = "id"
 Joining, by = "id"
 Joining, by = "id"
 Joining, by = "id"
 Joining, by = "id"
 Joining, by = "id"
 Joining, by = "id"
 Joining, by = "id"
 Joining, by = "id"
 Joining, by = "id"
 Joining, by = "id"
 Joining, by = "id"
 Joining, by = "id"
 Joining, by = "id"
 Joining, by = "id"
 Joining, by = "id"
 Joining, by = "id"
 Joining, by = "id"
 Joining, by = "id"
 Joining, by = "id"
 Joining, by = "id"
 Joining, by = "id"
 Joining, by = "id"
 Joining, by = "id"
 Joining, by = "id"
 Joining, by = "id"
 Joining, by = "id"
 ...
> target sgmms_bbs_rtrg_41_56
i target sgmms_bbs_rtrg_11_68 messages:
  Joining, by = "id"
 Joining, by = "id"
 Joining, by = "id"
 Joining, by = "id"
 Joining, by = "id"
 Joining, by = "id"
 Joining, by = "id"
 Joining, by = "id"
 Joining, by = "id"
 Joining, by = "id"
 Joining, by = "id"
 Joining, by = "id"
 Joining, by = "id"
 Joining, by = "id"
 Joining, by = "id"
 Joining, by = "id"
 Joining, by = "id"
 Joining, by = "id"
 Joining, by = "id"
 Joining, by = "id"
 Joining, by = "id"
 Joining, by = "id"
 Joining, by = "id"
 Joining, by = "id"
 Joining, by = "id"
 Joining, by = "id"
 Joining, by = "id"
 Joining, by = "id"
 Joining, by = "id"
 ...
> target sgmms_bbs_rtrg_7_68
i target sgmms_bbs_rtrg_9_4 messages:
  Joining, by = "id"
 Joining, by = "id"
 Joining, by = "id"
 Joining, by = "id"
 Joining, by = "id"
 Joining, by = "id"
 Joining, by = "id"
 Joining, by = "id"
 Joining, by = "id"
 Joining, by = "id"
 Joining, by = "id"
 Joining, by = "id"
 Joining, by = "id"
 Joining, by = "id"
 Joining, by = "id"
 Joining, by = "id"
 Joining, by = "id"
 Joining, by = "id"
 Joining, by = "id"
 Joining, by = "id"
 Joining, by = "id"
 Joining, by = "id"
 Joining, by = "id"
 Joining, by = "id"
 Joining, by = "id"
 Joining, by = "id"
 Joining, by = "id"
 Joining, by = "id"
 Joining, by = "id"
 ...
> target sgmms_bbs_rtrg_255_11
i target sgmms_bbs_rtrg_45_11 messages:
  Joining, by = "id"
 Joining, by = "id"
 Joining, by = "id"
 Joining, by = "id"
 Joining, by = "id"
 Joining, by = "id"
 Joining, by = "id"
 Joining, by = "id"
 Joining, by = "id"
 Joining, by = "id"
 Joining, by = "id"
 Joining, by = "id"
 Joining, by = "id"
 Joining, by = "id"
 Joining, by = "id"
 Joining, by = "id"
 Joining, by = "id"
 Joining, by = "id"
 Joining, by = "id"
 Joining, by = "id"
 Joining, by = "id"
 Joining, by = "id"
 Joining, by = "id"
 Joining, by = "id"
 Joining, by = "id"
 Joining, by = "id"
 Joining, by = "id"
 Joining, by = "id"
 Joining, by = "id"
 ...
> target sgmms_bbs_rtrg_28_4
i target sgmms_bbs_rtrg_41_56 messages:
  Joining, by = "id"
 Joining, by = "id"
 Joining, by = "id"
 Joining, by = "id"
 Joining, by = "id"
 Joining, by = "id"
 Joining, by = "id"
 Joining, by = "id"
 Joining, by = "id"
 Joining, by = "id"
 Joining, by = "id"
 Joining, by = "id"
 Joining, by = "id"
 Joining, by = "id"
 Joining, by = "id"
 Joining, by = "id"
 Joining, by = "id"
 Joining, by = "id"
 Joining, by = "id"
 Joining, by = "id"
 Joining, by = "id"
 Joining, by = "id"
 Joining, by = "id"
 Joining, by = "id"
 Joining, by = "id"
 Joining, by = "id"
 Joining, by = "id"
 Joining, by = "id"
 Joining, by = "id"
 ...
> target sims_sgmms_bbs_rtrg_413_11
i target sgmms_bbs_rtrg_255_11 messages:
  Joining, by = "id"
 Joining, by = "id"
 Joining, by = "id"
 Joining, by = "id"
 Joining, by = "id"
 Joining, by = "id"
 Joining, by = "id"
 Joining, by = "id"
 Joining, by = "id"
 Joining, by = "id"
 Joining, by = "id"
 Joining, by = "id"
 Joining, by = "id"
 Joining, by = "id"
 Joining, by = "id"
 Joining, by = "id"
 Joining, by = "id"
 Joining, by = "id"
 Joining, by = "id"
 Joining, by = "id"
 Joining, by = "id"
 Joining, by = "id"
 Joining, by = "id"
 Joining, by = "id"
 Joining, by = "id"
 Joining, by = "id"
 Joining, by = "id"
 Joining, by = "id"
 Joining, by = "id"
 ...
> target sims_sgmms_bbs_rtrg_40_4
i target sgmms_bbs_rtrg_7_68 messages:
  Joining, by = "id"
 Joining, by = "id"
 Joining, by = "id"
 Joining, by = "id"
 Joining, by = "id"
 Joining, by = "id"
 Joining, by = "id"
 Joining, by = "id"
 Joining, by = "id"
 Joining, by = "id"
 Joining, by = "id"
 Joining, by = "id"
 Joining, by = "id"
 Joining, by = "id"
 Joining, by = "id"
 Joining, by = "id"
 Joining, by = "id"
 Joining, by = "id"
 Joining, by = "id"
 Joining, by = "id"
 Joining, by = "id"
 Joining, by = "id"
 Joining, by = "id"
 Joining, by = "id"
 Joining, by = "id"
 Joining, by = "id"
 Joining, by = "id"
 Joining, by = "id"
 Joining, by = "id"
 ...
> target sims_sgmms_bbs_rtrg_21_65
i target sims_sgmms_bbs_rtrg_413_11 messages:
  Joining, by = "id"
 Joining, by = "id"
 Joining, by = "id"
 Joining, by = "id"
 Joining, by = "id"
 Joining, by = "id"
 Joining, by = "id"
 Joining, by = "id"
 Joining, by = "id"
 Joining, by = "id"
 Joining, by = "id"
 Joining, by = "id"
 Joining, by = "id"
 Joining, by = "id"
 Joining, by = "id"
 Joining, by = "id"
 Joining, by = "id"
 Joining, by = "id"
 Joining, by = "id"
 Joining, by = "id"
 Joining, by = "id"
 Joining, by = "id"
 Joining, by = "id"
 Joining, by = "id"
 Joining, by = "id"
 Joining, by = "id"
 Joining, by = "id"
 Joining, by = "id"
 Joining, by = "id"
 ...
> target sims_sgmms_bbs_rtrg_20_4
i target sgmms_bbs_rtrg_28_4 messages:
  Joining, by = "id"
 Joining, by = "id"
 Joining, by = "id"
 Joining, by = "id"
 Joining, by = "id"
 Joining, by = "id"
 Joining, by = "id"
 Joining, by = "id"
 Joining, by = "id"
 Joining, by = "id"
 Joining, by = "id"
 Joining, by = "id"
 Joining, by = "id"
 Joining, by = "id"
 Joining, by = "id"
 Joining, by = "id"
 Joining, by = "id"
 Joining, by = "id"
 Joining, by = "id"
 Joining, by = "id"
 Joining, by = "id"
 Joining, by = "id"
 Joining, by = "id"
 Joining, by = "id"
 Joining, by = "id"
 Joining, by = "id"
 Joining, by = "id"
 Joining, by = "id"
 Joining, by = "id"
 ...
> target sims_sgmms_bbs_rtrg_208_11
i target sims_sgmms_bbs_rtrg_40_4 messages:
  Joining, by = "id"
 Joining, by = "id"
 Joining, by = "id"
 Joining, by = "id"
 Joining, by = "id"
 Joining, by = "id"
 Joining, by = "id"
 Joining, by = "id"
 Joining, by = "id"
 Joining, by = "id"
 Joining, by = "id"
 Joining, by = "id"
 Joining, by = "id"
 Joining, by = "id"
 Joining, by = "id"
 Joining, by = "id"
 Joining, by = "id"
 Joining, by = "id"
 Joining, by = "id"
 Joining, by = "id"
 Joining, by = "id"
 Joining, by = "id"
 Joining, by = "id"
 Joining, by = "id"
 Joining, by = "id"
 Joining, by = "id"
 Joining, by = "id"
 Joining, by = "id"
 Joining, by = "id"
 ...
> target sims_sgmms_bbs_rtrg_34_56
i target sims_sgmms_bbs_rtrg_21_65 messages:
  Joining, by = "id"
 Joining, by = "id"
 Joining, by = "id"
 Joining, by = "id"
 Joining, by = "id"
 Joining, by = "id"
 Joining, by = "id"
 Joining, by = "id"
 Joining, by = "id"
 Joining, by = "id"
 Joining, by = "id"
 Joining, by = "id"
 Joining, by = "id"
 Joining, by = "id"
 Joining, by = "id"
 Joining, by = "id"
 Joining, by = "id"
 Joining, by = "id"
 Joining, by = "id"
 Joining, by = "id"
 Joining, by = "id"
 Joining, by = "id"
 Joining, by = "id"
 Joining, by = "id"
 Joining, by = "id"
 Joining, by = "id"
 Joining, by = "id"
 Joining, by = "id"
 Joining, by = "id"
 ...
> target sims_sgmms_bbs_rtrg_26_56
i target sims_sgmms_bbs_rtrg_20_4 messages:
  Joining, by = "id"
 Joining, by = "id"
 Joining, by = "id"
 Joining, by = "id"
 Joining, by = "id"
 Joining, by = "id"
 Joining, by = "id"
 Joining, by = "id"
 Joining, by = "id"
 Joining, by = "id"
 Joining, by = "id"
 Joining, by = "id"
 Joining, by = "id"
 Joining, by = "id"
 Joining, by = "id"
 Joining, by = "id"
 Joining, by = "id"
 Joining, by = "id"
 Joining, by = "id"
 Joining, by = "id"
 Joining, by = "id"
 Joining, by = "id"
 Joining, by = "id"
 Joining, by = "id"
 Joining, by = "id"
 Joining, by = "id"
 Joining, by = "id"
 Joining, by = "id"
 Joining, by = "id"
 ...
> target sims_sgmms_bbs_rtrg_29_65
i target sims_sgmms_bbs_rtrg_208_11 messages:
  Joining, by = "id"
 Joining, by = "id"
 Joining, by = "id"
 Joining, by = "id"
 Joining, by = "id"
 Joining, by = "id"
 Joining, by = "id"
 Joining, by = "id"
 Joining, by = "id"
 Joining, by = "id"
 Joining, by = "id"
 Joining, by = "id"
 Joining, by = "id"
 Joining, by = "id"
 Joining, by = "id"
 Joining, by = "id"
 Joining, by = "id"
 Joining, by = "id"
 Joining, by = "id"
 Joining, by = "id"
 Joining, by = "id"
 Joining, by = "id"
 Joining, by = "id"
 Joining, by = "id"
 Joining, by = "id"
 Joining, by = "id"
 Joining, by = "id"
 Joining, by = "id"
 Joining, by = "id"
 ...
> target sims_sgmms_bbs_rtrg_7_43
i target sims_sgmms_bbs_rtrg_34_56 messages:
  Joining, by = "id"
 Joining, by = "id"
 Joining, by = "id"
 Joining, by = "id"
 Joining, by = "id"
 Joining, by = "id"
 Joining, by = "id"
 Joining, by = "id"
 Joining, by = "id"
 Joining, by = "id"
 Joining, by = "id"
 Joining, by = "id"
 Joining, by = "id"
 Joining, by = "id"
 Joining, by = "id"
 Joining, by = "id"
 Joining, by = "id"
 Joining, by = "id"
 Joining, by = "id"
 Joining, by = "id"
 Joining, by = "id"
 Joining, by = "id"
 Joining, by = "id"
 Joining, by = "id"
 Joining, by = "id"
 Joining, by = "id"
 Joining, by = "id"
 Joining, by = "id"
 Joining, by = "id"
 ...
> target sims_sgmms_bbs_rtrg_2_45
i target sims_sgmms_bbs_rtrg_26_56 messages:
  Joining, by = "id"
 Joining, by = "id"
 Joining, by = "id"
 Joining, by = "id"
 Joining, by = "id"
 Joining, by = "id"
 Joining, by = "id"
 Joining, by = "id"
 Joining, by = "id"
 Joining, by = "id"
 Joining, by = "id"
 Joining, by = "id"
 Joining, by = "id"
 Joining, by = "id"
 Joining, by = "id"
 Joining, by = "id"
 Joining, by = "id"
 Joining, by = "id"
 Joining, by = "id"
 Joining, by = "id"
 Joining, by = "id"
 Joining, by = "id"
 Joining, by = "id"
 Joining, by = "id"
 Joining, by = "id"
 Joining, by = "id"
 Joining, by = "id"
 Joining, by = "id"
 Joining, by = "id"
 ...
> target sims_sgmms_bbs_rtrg_14_68
i target sims_sgmms_bbs_rtrg_29_65 messages:
  Joining, by = "id"
 Joining, by = "id"
 Joining, by = "id"
 Joining, by = "id"
 Joining, by = "id"
 Joining, by = "id"
 Joining, by = "id"
 Joining, by = "id"
 Joining, by = "id"
 Joining, by = "id"
 Joining, by = "id"
 Joining, by = "id"
 Joining, by = "id"
 Joining, by = "id"
 Joining, by = "id"
 Joining, by = "id"
 Joining, by = "id"
 Joining, by = "id"
 Joining, by = "id"
 Joining, by = "id"
 Joining, by = "id"
 Joining, by = "id"
 Joining, by = "id"
 Joining, by = "id"
 Joining, by = "id"
 Joining, by = "id"
 Joining, by = "id"
 Joining, by = "id"
 Joining, by = "id"
 ...
> target sims_sgmms_bbs_rtrg_7_45
i target sims_sgmms_bbs_rtrg_7_43 messages:
  Joining, by = "id"
 Joining, by = "id"
 Joining, by = "id"
 Joining, by = "id"
 Joining, by = "id"
 Joining, by = "id"
 Joining, by = "id"
 Joining, by = "id"
 Joining, by = "id"
 Joining, by = "id"
 Joining, by = "id"
 Joining, by = "id"
 Joining, by = "id"
 Joining, by = "id"
 Joining, by = "id"
 Joining, by = "id"
 Joining, by = "id"
 Joining, by = "id"
 Joining, by = "id"
 Joining, by = "id"
 Joining, by = "id"
 Joining, by = "id"
 Joining, by = "id"
 Joining, by = "id"
 `summarise()` has grouped output by 'year', 'timeperiod', 'isd_timeperiod', 'sampling_seed', 'isd_seed'. You can override using the `.groups` argument.
 Joining, by = "id"
 Joining, by = "id"
 Joining, by = "id"
 Joining, by = "id"
 ...
> target sims_sgmms_bbs_rtrg_29_4
i target sims_sgmms_bbs_rtrg_7_45 messages:
  Joining, by = "id"
 Joining, by = "id"
 Joining, by = "id"
 Joining, by = "id"
 Joining, by = "id"
 Joining, by = "id"
 Joining, by = "id"
 Joining, by = "id"
 Joining, by = "id"
 Joining, by = "id"
 Joining, by = "id"
 Joining, by = "id"
 Joining, by = "id"
 Joining, by = "id"
 Joining, by = "id"
 Joining, by = "id"
 Joining, by = "id"
 Joining, by = "id"
 Joining, by = "id"
 Joining, by = "id"
 Joining, by = "id"
 Joining, by = "id"
 Joining, by = "id"
 Joining, by = "id"
 Joining, by = "id"
 Joining, by = "id"
 Joining, by = "id"
 Joining, by = "id"
 Joining, by = "id"
 ...
> target sims_sgmms_bbs_rtrg_11_68
i target sims_sgmms_bbs_rtrg_14_68 messages:
  Joining, by = "id"
 Joining, by = "id"
 Joining, by = "id"
 Joining, by = "id"
 Joining, by = "id"
 Joining, by = "id"
 Joining, by = "id"
 Joining, by = "id"
 Joining, by = "id"
 Joining, by = "id"
 Joining, by = "id"
 Joining, by = "id"
 Joining, by = "id"
 Joining, by = "id"
 Joining, by = "id"
 Joining, by = "id"
 Joining, by = "id"
 Joining, by = "id"
 Joining, by = "id"
 Joining, by = "id"
 Joining, by = "id"
 Joining, by = "id"
 Joining, by = "id"
 Joining, by = "id"
 Joining, by = "id"
 Joining, by = "id"
 Joining, by = "id"
 Joining, by = "id"
 Joining, by = "id"
 ...
> target sims_sgmms_bbs_rtrg_9_4
i target sims_sgmms_bbs_rtrg_2_45 messages:
  Joining, by = "id"
 Joining, by = "id"
 Joining, by = "id"
 Joining, by = "id"
 Joining, by = "id"
 Joining, by = "id"
 Joining, by = "id"
 Joining, by = "id"
 Joining, by = "id"
 Joining, by = "id"
 Joining, by = "id"
 Joining, by = "id"
 Joining, by = "id"
 Joining, by = "id"
 Joining, by = "id"
 Joining, by = "id"
 Joining, by = "id"
 Joining, by = "id"
 Joining, by = "id"
 Joining, by = "id"
 Joining, by = "id"
 Joining, by = "id"
 Joining, by = "id"
 Joining, by = "id"
 Joining, by = "id"
 Joining, by = "id"
 Joining, by = "id"
 Joining, by = "id"
 Joining, by = "id"
 ...
> target sims_sgmms_bbs_rtrg_45_11
i target sims_sgmms_bbs_rtrg_29_4 messages:
  Joining, by = "id"
 Joining, by = "id"
 Joining, by = "id"
 Joining, by = "id"
 Joining, by = "id"
 Joining, by = "id"
 Joining, by = "id"
 Joining, by = "id"
 Joining, by = "id"
 Joining, by = "id"
 Joining, by = "id"
 Joining, by = "id"
 Joining, by = "id"
 Joining, by = "id"
 Joining, by = "id"
 Joining, by = "id"
 Joining, by = "id"
 Joining, by = "id"
 Joining, by = "id"
 Joining, by = "id"
 Joining, by = "id"
 Joining, by = "id"
 Joining, by = "id"
 Joining, by = "id"
 Joining, by = "id"
 Joining, by = "id"
 Joining, by = "id"
 Joining, by = "id"
 Joining, by = "id"
 ...
> target sims_sgmms_bbs_rtrg_41_56
i target sims_sgmms_bbs_rtrg_9_4 messages:
  Joining, by = "id"
 Joining, by = "id"
 Joining, by = "id"
 Joining, by = "id"
 Joining, by = "id"
 Joining, by = "id"
 Joining, by = "id"
 Joining, by = "id"
 Joining, by = "id"
 Joining, by = "id"
 Joining, by = "id"
 Joining, by = "id"
 Joining, by = "id"
 Joining, by = "id"
 Joining, by = "id"
 Joining, by = "id"
 Joining, by = "id"
 Joining, by = "id"
 Joining, by = "id"
 Joining, by = "id"
 Joining, by = "id"
 Joining, by = "id"
 Joining, by = "id"
 Joining, by = "id"
 Joining, by = "id"
 Joining, by = "id"
 Joining, by = "id"
 Joining, by = "id"
 Joining, by = "id"
 ...
> target sims_sgmms_bbs_rtrg_255_11
i target sims_sgmms_bbs_rtrg_11_68 messages:
  Joining, by = "id"
 Joining, by = "id"
 Joining, by = "id"
 Joining, by = "id"
 Joining, by = "id"
 Joining, by = "id"
 Joining, by = "id"
 Joining, by = "id"
 Joining, by = "id"
 Joining, by = "id"
 Joining, by = "id"
 Joining, by = "id"
 Joining, by = "id"
 Joining, by = "id"
 Joining, by = "id"
 Joining, by = "id"
 Joining, by = "id"
 Joining, by = "id"
 Joining, by = "id"
 Joining, by = "id"
 Joining, by = "id"
 Joining, by = "id"
 Joining, by = "id"
 Joining, by = "id"
 Joining, by = "id"
 Joining, by = "id"
 Joining, by = "id"
 Joining, by = "id"
 Joining, by = "id"
 ...
> target sims_sgmms_bbs_rtrg_7_68
i target sims_sgmms_bbs_rtrg_45_11 messages:
  Joining, by = "id"
 Joining, by = "id"
 Joining, by = "id"
 Joining, by = "id"
 Joining, by = "id"
 Joining, by = "id"
 Joining, by = "id"
 Joining, by = "id"
 Joining, by = "id"
 Joining, by = "id"
 Joining, by = "id"
 Joining, by = "id"
 Joining, by = "id"
 Joining, by = "id"
 Joining, by = "id"
 Joining, by = "id"
 Joining, by = "id"
 Joining, by = "id"
 Joining, by = "id"
 Joining, by = "id"
 Joining, by = "id"
 Joining, by = "id"
 Joining, by = "id"
 Joining, by = "id"
 Joining, by = "id"
 Joining, by = "id"
 Joining, by = "id"
 Joining, by = "id"
 Joining, by = "id"
 ...
> target sims_sgmms_bbs_rtrg_28_4
i target sims_sgmms_bbs_rtrg_41_56 messages:
  Joining, by = "id"
 Joining, by = "id"
 Joining, by = "id"
 Joining, by = "id"
 Joining, by = "id"
 Joining, by = "id"
 Joining, by = "id"
 Joining, by = "id"
 Joining, by = "id"
 Joining, by = "id"
 Joining, by = "id"
 Joining, by = "id"
 Joining, by = "id"
 Joining, by = "id"
 Joining, by = "id"
 Joining, by = "id"
 Joining, by = "id"
 Joining, by = "id"
 Joining, by = "id"
 Joining, by = "id"
 Joining, by = "id"
 Joining, by = "id"
 Joining, by = "id"
 Joining, by = "id"
 Joining, by = "id"
 Joining, by = "id"
 Joining, by = "id"
 Joining, by = "id"
 Joining, by = "id"
 ...
i target sims_sgmms_bbs_rtrg_255_11 messages:
  Joining, by = "id"
 Joining, by = "id"
 Joining, by = "id"
 Joining, by = "id"
 Joining, by = "id"
 Joining, by = "id"
 Joining, by = "id"
 Joining, by = "id"
 Joining, by = "id"
 Joining, by = "id"
 Joining, by = "id"
 Joining, by = "id"
 Joining, by = "id"
 Joining, by = "id"
 Joining, by = "id"
 Joining, by = "id"
 Joining, by = "id"
 Joining, by = "id"
 Joining, by = "id"
 Joining, by = "id"
 Joining, by = "id"
 Joining, by = "id"
 Joining, by = "id"
 Joining, by = "id"
 Joining, by = "id"
 Joining, by = "id"
 Joining, by = "id"
 Joining, by = "id"
 Joining, by = "id"
 ...
i target sims_sgmms_bbs_rtrg_7_68 messages:
  Joining, by = "id"
 Joining, by = "id"
 Joining, by = "id"
 Joining, by = "id"
 Joining, by = "id"
 Joining, by = "id"
 Joining, by = "id"
 Joining, by = "id"
 Joining, by = "id"
 Joining, by = "id"
 Joining, by = "id"
 Joining, by = "id"
 Joining, by = "id"
 Joining, by = "id"
 Joining, by = "id"
 Joining, by = "id"
 Joining, by = "id"
 Joining, by = "id"
 Joining, by = "id"
 Joining, by = "id"
 Joining, by = "id"
 Joining, by = "id"
 Joining, by = "id"
 Joining, by = "id"
 Joining, by = "id"
 Joining, by = "id"
 Joining, by = "id"
 Joining, by = "id"
 Joining, by = "id"
 ...
i target sims_sgmms_bbs_rtrg_28_4 messages:
  Joining, by = "id"
 Joining, by = "id"
 Joining, by = "id"
 Joining, by = "id"
 Joining, by = "id"
 Joining, by = "id"
 Joining, by = "id"
 Joining, by = "id"
 Joining, by = "id"
 Joining, by = "id"
 Joining, by = "id"
 Joining, by = "id"
 Joining, by = "id"
 Joining, by = "id"
 Joining, by = "id"
 Joining, by = "id"
 Joining, by = "id"
 Joining, by = "id"
 Joining, by = "id"
 Joining, by = "id"
 Joining, by = "id"
 Joining, by = "id"
 Joining, by = "id"
 Joining, by = "id"
 Joining, by = "id"
 Joining, by = "id"
 Joining, by = "id"
 Joining, by = "id"
 Joining, by = "id"
 ...
> target ar
Warning: target ar warnings:
  `combine()` was deprecated in dplyr 1.0.0.
Please use `vctrs::vec_c()` instead.
> target all_results
Master: [30.2s 5.8% CPU]; Worker: [avg 94.2% CPU, max 512.6 Mb]
