
Attaching package: ‘dplyr’

The following objects are masked from ‘package:stats’:

    filter, lag

The following objects are masked from ‘package:base’:

    intersect, setdiff, setequal, union

`summarise()` has grouped output by 'siteID'. You can override using the `.groups` argument.
* Option 'clustermq.scheduler' not set, defaulting to ‘SLURM’
--- see: https://mschubert.github.io/clustermq/articles/userguide.html#configuration
ℹ unloading 3 targets from environment
▶ target mammal_sds
▶ target all_neon
▶ target real_counts
▶ target neon_pairs
ℹ target real_counts messages:
  `summarise()` has grouped output by 'siteID'. You can override using the `.groups` argument.
▶ target sim_splist_1L
▶ target siteDescs_ONAQ_real_counts
▶ target siteDescs_SERC_real_counts
▶ target siteDescs_WOOD_real_counts
▶ target siteDescs_GRSM_real_counts
▶ target siteDescs_SRER_real_counts
▶ target siteDescs_LENO_real_counts
▶ target siteDescs_TALL_real_counts
▶ target siteDescs_NIWO_real_counts
▶ target siteDescs_JERC_real_counts
▶ target siteDescs_STEI_real_counts
▶ target siteDescs_BART_real_counts
▶ target siteDescs_TREE_real_counts
▶ target siteDescs_UNDE_real_counts
▶ target siteDescs_OAES_real_counts
▶ target siteDescs_MOAB_real_counts
▶ target siteDescs_ORNL_real_counts
▶ target siteDescs_KONZ_real_counts
▶ target siteDescs_BLAN_real_counts
▶ target siteDescs_NOGP_real_counts
▶ target siteDescs_SCBI_real_counts
ℹ target siteDescs_LENO_real_counts messages:
  Package 'mclust' version 5.4.7
Type 'citation("mclust")' for citing this R package in publications.
 Joining, by = "scientificName"
▶ target siteDescs_DELA_real_counts
ℹ target siteDescs_NIWO_real_counts messages:
  Package 'mclust' version 5.4.7
Type 'citation("mclust")' for citing this R package in publications.
 Joining, by = "scientificName"
▶ target siteDescs_CLBJ_real_counts
ℹ target siteDescs_OAES_real_counts messages:
  Package 'mclust' version 5.4.7
Type 'citation("mclust")' for citing this R package in publications.
 Joining, by = "scientificName"
▶ target siteDescs_JORN_real_counts
ℹ target siteDescs_MOAB_real_counts messages:
  Package 'mclust' version 5.4.7
Type 'citation("mclust")' for citing this R package in publications.
 Joining, by = "scientificName"
▶ target siteDescs_UKFS_real_counts
ℹ target siteDescs_JERC_real_counts messages:
  Package 'mclust' version 5.4.7
Type 'citation("mclust")' for citing this R package in publications.
 Joining, by = "scientificName"
▶ target siteDescs_DSNY_real_counts
ℹ target siteDescs_DELA_real_counts messages:
  Joining, by = "scientificName"
▶ target siteDescs_CPER_real_counts
ℹ target siteDescs_ONAQ_real_counts messages:
  Package 'mclust' version 5.4.7
Type 'citation("mclust")' for citing this R package in publications.
 Joining, by = "scientificName"
▶ target siteDescs_HARV_real_counts
ℹ target siteDescs_BLAN_real_counts messages:
  Package 'mclust' version 5.4.7
Type 'citation("mclust")' for citing this R package in publications.
 Joining, by = "scientificName"
▶ target siteDescs_STER_real_counts
ℹ target siteDescs_NOGP_real_counts messages:
  Package 'mclust' version 5.4.7
Type 'citation("mclust")' for citing this R package in publications.
 Joining, by = "scientificName"
▶ target siteDescs_OSBS_real_counts
ℹ target siteDescs_DSNY_real_counts messages:
  Joining, by = "scientificName"
▶ target shuffled_counts_sim_splist_1L
ℹ target shuffled_counts_sim_splist_1L messages:
  Joining, by = "oldName"
▶ target siteDescs_SERC_shuffled_counts_sim_splist_1L
ℹ target siteDescs_UKFS_real_counts messages:
  Joining, by = "scientificName"
▶ target siteDescs_ORNL_shuffled_counts_sim_splist_1L
ℹ target siteDescs_ORNL_real_counts messages:
  Package 'mclust' version 5.4.7
Type 'citation("mclust")' for citing this R package in publications.
 Joining, by = "scientificName"
▶ target siteDescs_TALL_shuffled_counts_sim_splist_1L
ℹ target siteDescs_OSBS_real_counts messages:
  Joining, by = "scientificName"
▶ target siteDescs_UKFS_shuffled_counts_sim_splist_1L
ℹ target siteDescs_SRER_real_counts messages:
  Package 'mclust' version 5.4.7
Type 'citation("mclust")' for citing this R package in publications.
 Joining, by = "scientificName"
▶ target siteDescs_DSNY_shuffled_counts_sim_splist_1L
ℹ target siteDescs_CLBJ_real_counts messages:
  Joining, by = "scientificName"
▶ target siteDescs_BLAN_shuffled_counts_sim_splist_1L
ℹ target siteDescs_KONZ_real_counts messages:
  Package 'mclust' version 5.4.7
Type 'citation("mclust")' for citing this R package in publications.
 Joining, by = "scientificName"
▶ target siteDescs_OSBS_shuffled_counts_sim_splist_1L
ℹ target siteDescs_WOOD_real_counts messages:
  Package 'mclust' version 5.4.7
Type 'citation("mclust")' for citing this R package in publications.
 Joining, by = "scientificName"
▶ target siteDescs_CLBJ_shuffled_counts_sim_splist_1L
ℹ target siteDescs_CPER_real_counts messages:
  Joining, by = "scientificName"
▶ target siteDescs_STEI_shuffled_counts_sim_splist_1L
ℹ target siteDescs_OSBS_shuffled_counts_sim_splist_1L messages:
  Joining, by = "scientificName"
▶ target siteDescs_TREE_shuffled_counts_sim_splist_1L
ℹ target siteDescs_JORN_real_counts messages:
  Joining, by = "scientificName"
▶ target siteDescs_LENO_shuffled_counts_sim_splist_1L
ℹ target siteDescs_SERC_shuffled_counts_sim_splist_1L messages:
  Joining, by = "scientificName"
▶ target siteDescs_NOGP_shuffled_counts_sim_splist_1L
ℹ target siteDescs_STER_real_counts messages:
  Joining, by = "scientificName"
▶ target siteDescs_SRER_shuffled_counts_sim_splist_1L
ℹ target siteDescs_DSNY_shuffled_counts_sim_splist_1L messages:
  Joining, by = "scientificName"
▶ target siteDescs_DELA_shuffled_counts_sim_splist_1L
ℹ target siteDescs_LENO_shuffled_counts_sim_splist_1L messages:
  Joining, by = "scientificName"
▶ target siteDescs_OAES_shuffled_counts_sim_splist_1L
ℹ target siteDescs_ORNL_shuffled_counts_sim_splist_1L messages:
  Joining, by = "scientificName"
▶ target siteDescs_GRSM_shuffled_counts_sim_splist_1L
ℹ target siteDescs_TALL_shuffled_counts_sim_splist_1L messages:
  Joining, by = "scientificName"
▶ target siteDescs_MOAB_shuffled_counts_sim_splist_1L
ℹ target siteDescs_BLAN_shuffled_counts_sim_splist_1L messages:
  Joining, by = "scientificName"
▶ target siteDescs_WOOD_shuffled_counts_sim_splist_1L
ℹ target siteDescs_SCBI_real_counts messages:
  Package 'mclust' version 5.4.7
Type 'citation("mclust")' for citing this R package in publications.
 Joining, by = "scientificName"
▶ target siteDescs_CPER_shuffled_counts_sim_splist_1L
ℹ target siteDescs_TREE_shuffled_counts_sim_splist_1L messages:
  Joining, by = "scientificName"
▶ target siteDescs_BART_shuffled_counts_sim_splist_1L
ℹ target siteDescs_SERC_real_counts messages:
  Package 'mclust' version 5.4.7
Type 'citation("mclust")' for citing this R package in publications.
 Joining, by = "scientificName"
▶ target siteDescs_ONAQ_shuffled_counts_sim_splist_1L
ℹ target siteDescs_NOGP_shuffled_counts_sim_splist_1L messages:
  Joining, by = "scientificName"
▶ target siteDescs_JERC_shuffled_counts_sim_splist_1L
ℹ target siteDescs_UKFS_shuffled_counts_sim_splist_1L messages:
  Joining, by = "scientificName"
▶ target siteDescs_SCBI_shuffled_counts_sim_splist_1L
ℹ target siteDescs_TALL_real_counts messages:
  Package 'mclust' version 5.4.7
Type 'citation("mclust")' for citing this R package in publications.
 Joining, by = "scientificName"
▶ target siteDescs_KONZ_shuffled_counts_sim_splist_1L
ℹ target siteDescs_STEI_shuffled_counts_sim_splist_1L messages:
  Joining, by = "scientificName"
▶ target siteDescs_STER_shuffled_counts_sim_splist_1L
ℹ target siteDescs_CLBJ_shuffled_counts_sim_splist_1L messages:
  Joining, by = "scientificName"
▶ target siteDescs_JORN_shuffled_counts_sim_splist_1L
ℹ target siteDescs_GRSM_shuffled_counts_sim_splist_1L messages:
  Joining, by = "scientificName"
▶ target siteDescs_NIWO_shuffled_counts_sim_splist_1L
ℹ target siteDescs_DELA_shuffled_counts_sim_splist_1L messages:
  Joining, by = "scientificName"
▶ target siteDescs_HARV_shuffled_counts_sim_splist_1L
ℹ target siteDescs_WOOD_shuffled_counts_sim_splist_1L messages:
  Joining, by = "scientificName"
▶ target siteDescs_UNDE_shuffled_counts_sim_splist_1L
ℹ target siteDescs_MOAB_shuffled_counts_sim_splist_1L messages:
  Joining, by = "scientificName"
ℹ target siteDescs_SRER_shuffled_counts_sim_splist_1L messages:
  Joining, by = "scientificName"
ℹ target siteDescs_CPER_shuffled_counts_sim_splist_1L messages:
  Joining, by = "scientificName"
ℹ target siteDescs_OAES_shuffled_counts_sim_splist_1L messages:
  Joining, by = "scientificName"
ℹ target siteDescs_STER_shuffled_counts_sim_splist_1L messages:
  Joining, by = "scientificName"
ℹ target siteDescs_BART_shuffled_counts_sim_splist_1L messages:
  Joining, by = "scientificName"
ℹ target siteDescs_NIWO_shuffled_counts_sim_splist_1L messages:
  Joining, by = "scientificName"
ℹ target siteDescs_JERC_shuffled_counts_sim_splist_1L messages:
  Joining, by = "scientificName"
ℹ target siteDescs_TREE_real_counts messages:
  Package 'mclust' version 5.4.7
Type 'citation("mclust")' for citing this R package in publications.
 Joining, by = "scientificName"
ℹ target siteDescs_UNDE_shuffled_counts_sim_splist_1L messages:
  Joining, by = "scientificName"
ℹ target siteDescs_SCBI_shuffled_counts_sim_splist_1L messages:
  Joining, by = "scientificName"
ℹ target siteDescs_STEI_real_counts messages:
  Package 'mclust' version 5.4.7
Type 'citation("mclust")' for citing this R package in publications.
 Joining, by = "scientificName"
ℹ target siteDescs_GRSM_real_counts messages:
  Package 'mclust' version 5.4.7
Type 'citation("mclust")' for citing this R package in publications.
 Joining, by = "scientificName"
ℹ target siteDescs_KONZ_shuffled_counts_sim_splist_1L messages:
  Joining, by = "scientificName"
ℹ target siteDescs_JORN_shuffled_counts_sim_splist_1L messages:
  Joining, by = "scientificName"
ℹ target siteDescs_ONAQ_shuffled_counts_sim_splist_1L messages:
  Joining, by = "scientificName"
ℹ target siteDescs_UNDE_real_counts messages:
  Package 'mclust' version 5.4.7
Type 'citation("mclust")' for citing this R package in publications.
 Joining, by = "scientificName"
ℹ target siteDescs_HARV_shuffled_counts_sim_splist_1L messages:
  Joining, by = "scientificName"
▶ target allDescs_shuffled_counts_sim_splist_1L
▶ target comps_allDescs_shuffled_counts_sim_splist_1L
ℹ target siteDescs_BART_real_counts messages:
  Package 'mclust' version 5.4.7
Type 'citation("mclust")' for citing this R package in publications.
 Joining, by = "scientificName"
ℹ target comps_allDescs_shuffled_counts_sim_splist_1L messages:
  Joining, by = c("site.x", "site.y")
ℹ target siteDescs_HARV_real_counts messages:
  Joining, by = "scientificName"
▶ target allDescs_real_counts
▶ target comps_allDescs_real_counts
ℹ target comps_allDescs_real_counts messages:
  Joining, by = c("site.x", "site.y")
▶ target allComps
Master: [111.5s 5.3% CPU]; Worker: [avg 21.5% CPU, max 622.7 Mb]
