
Attaching package: ‘dplyr’

The following objects are masked from ‘package:stats’:

    filter, lag

The following objects are masked from ‘package:base’:

    intersect, setdiff, setequal, union

* Option 'clustermq.scheduler' not set, defaulting to ‘SLURM’
--- see: https://mschubert.github.io/clustermq/articles/userguide.html#configuration
ℹ Consider drake::r_make() to improve robustness.
▶ target bbs_rtrg_1_34
▶ target bbs_rtrg_1_17
▶ target bbs_rtrg_1_27
▶ target bird_pairs
▶ target d_bbs_rtrg_1_27
▶ target d_bbs_rtrg_1_34
▶ target d_bbs_rtrg_1_17
▶ target sp_d_bbs_rtrg_1_27
▶ target real_counts_d_bbs_rtrg_1_27
▶ target sp_d_bbs_rtrg_1_34
▶ target real_counts_d_bbs_rtrg_1_34
▶ target sp_d_bbs_rtrg_1_17
▶ target real_counts_d_bbs_rtrg_1_17
▶ target all_sp
▶ target sim_splist_1L
▶ target sim_splist_2L
▶ target siteDescs_real_counts_d_bbs_rtrg_1_34
▶ target siteDescs_real_counts_d_bbs_rtrg_1_17
▶ target siteDescs_real_counts_d_bbs_rtrg_1_34_sim_splist_1L
▶ target siteDescs_real_counts_d_bbs_rtrg_1_17_sim_splist_1L
▶ target siteDescs_real_counts_d_bbs_rtrg_1_34_sim_splist_2L
▶ target siteDescs_real_counts_d_bbs_rtrg_1_17_sim_splist_2L
▶ target siteDescs_real_counts_d_bbs_rtrg_1_27
▶ target siteDescs_real_counts_d_bbs_rtrg_1_27_sim_splist_1L
▶ target siteDescs_real_counts_d_bbs_rtrg_1_27_sim_splist_2L
ℹ target siteDescs_real_counts_d_bbs_rtrg_1_27 messages:
  Joining, by = "id"
 Package 'mclust' version 5.4.7
Type 'citation("mclust")' for citing this R package in publications.
 Joining, by = "id"
ℹ target siteDescs_real_counts_d_bbs_rtrg_1_34 messages:
  Joining, by = "id"
 Package 'mclust' version 5.4.7
Type 'citation("mclust")' for citing this R package in publications.
 Joining, by = "id"
ℹ target siteDescs_real_counts_d_bbs_rtrg_1_34_sim_splist_1L messages:
  Joining, by = "oldID"
 Joining, by = "id"
 Package 'mclust' version 5.4.7
Type 'citation("mclust")' for citing this R package in publications.
 Joining, by = "id"
ℹ target siteDescs_real_counts_d_bbs_rtrg_1_34_sim_splist_2L messages:
  Joining, by = "oldID"
 Joining, by = "id"
 Package 'mclust' version 5.4.7
Type 'citation("mclust")' for citing this R package in publications.
 Joining, by = "id"
ℹ target siteDescs_real_counts_d_bbs_rtrg_1_17_sim_splist_1L messages:
  Joining, by = "oldID"
 Joining, by = "id"
 Package 'mclust' version 5.4.7
Type 'citation("mclust")' for citing this R package in publications.
 Joining, by = "id"
ℹ target siteDescs_real_counts_d_bbs_rtrg_1_17 messages:
  Joining, by = "id"
 Package 'mclust' version 5.4.7
Type 'citation("mclust")' for citing this R package in publications.
 Joining, by = "id"
▶ target allDescs
ℹ target siteDescs_real_counts_d_bbs_rtrg_1_27_sim_splist_1L messages:
  Joining, by = "oldID"
 Joining, by = "id"
 Package 'mclust' version 5.4.7
Type 'citation("mclust")' for citing this R package in publications.
 Joining, by = "id"
▶ target allDescs_sim_splist_1L
ℹ target siteDescs_real_counts_d_bbs_rtrg_1_27_sim_splist_2L messages:
  Joining, by = "oldID"
 Joining, by = "id"
 Package 'mclust' version 5.4.7
Type 'citation("mclust")' for citing this R package in publications.
 Joining, by = "id"
ℹ target siteDescs_real_counts_d_bbs_rtrg_1_17_sim_splist_2L messages:
  Joining, by = "oldID"
 Joining, by = "id"
 Package 'mclust' version 5.4.7
Type 'citation("mclust")' for citing this R package in publications.
 Joining, by = "id"
▶ target allDescs_sim_splist_2L
▶ target comps
▶ target comps_allDescs_sim_splist_1L
▶ target comps_allDescs_sim_splist_2L
ℹ target comps messages:
  Joining, by = c("route.x", "region.x", "location.bcr.x", "route.y", "region.y", "location.bcr.y")
ℹ target comps_allDescs_sim_splist_1L messages:
  Joining, by = c("route.x", "region.x", "location.bcr.x", "route.y", "region.y", "location.bcr.y")
ℹ target comps_allDescs_sim_splist_2L messages:
  Joining, by = c("route.x", "region.x", "location.bcr.x", "route.y", "region.y", "location.bcr.y")
▶ target allCompsSim
▶ target allComps
Master: [188.8s 0.6% CPU]; Worker: [avg 28.1% CPU, max 498.6 Mb]
